#
# A fatal error has been detected by the Java Runtime Environment:
#
#  SIGSEGV (0xb) at pc=0x00007f8998351ce3, pid=18168, tid=140228898531072
#
# JRE version: OpenJDK Runtime Environment (8.0_91-b14) (build 1.8.0_91-8u91-b14-0ubuntu4~12.04-b14)
# Java VM: OpenJDK 64-Bit Server VM (25.91-b14 mixed mode linux-amd64 compressed oops)
# Problematic frame:
# V  [libjvm.so+0x8acce3]
#
# Failed to write core dump. Core dumps have been disabled. To enable core dumping, try "ulimit -c unlimited" before starting Java again
#
# If you would like to submit a bug report, please visit:
#   http://bugreport.java.com/bugreport/crash.jsp
#

---------------  T H R E A D  ---------------

Current thread (0x00007f8990021000):  GCTaskThread [stack: 0x00007f89959f2000,0x00007f8995af3000] [id=18174]

siginfo: si_signo: 11 (SIGSEGV), si_code: 1 (SEGV_MAPERR), si_addr: 0x0000000000000008

Registers:
RAX=0x00007f899892b980, RBX=0x00000000f0101648, RCX=0x0000000000000003, RDX=0x0000000000000001
RSP=0x00007f8995af1ba0, RBP=0x00007f8995af1c10, RSI=0x00000000f0101648, RDI=0x0000000000000000
R8 =0x00000000f6802160, R9 =0x00007f899894a281, R10=0x00000000c0d17a00, R11=0x00000000c0000000
R12=0x00000000c0d10a78, R13=0x0000000000000000, R14=0x00007f89900726c0, R15=0x00007f8990072758
RIP=0x00007f8998351ce3, EFLAGS=0x0000000000010246, CSGSFS=0x0000000000000033, ERR=0x0000000000000004
  TRAPNO=0x000000000000000e

Top of Stack: (sp=0x00007f8995af1ba0)
0x00007f8995af1ba0:   0000000000000000 00007f8998949dc8
0x00007f8995af1bb0:   00007f899894a281 00007f899891ba00
0x00007f8995af1bc0:   00000000f6de5c00 0000000000001000
0x00007f8995af1bd0:   0000000000000000 00007f899897c104
0x00007f8995af1be0:   00000000c200fda0 00007f89900726c0
0x00007f8995af1bf0:   00000000c0d10a78 00007f899892b990
0x00007f8995af1c00:   0000000000000000 00007f8990072758
0x00007f8995af1c10:   00007f8995af1ca0 00007f89983516f0
0x00007f8995af1c20:   00007f899894a281 00007f8990072728
0x00007f8995af1c30:   00000000c097f400 0000000100078a98
0x00007f8995af1c40:   00007f8995af1ca0 00007f899808ffc0
0x00007f8995af1c50:   00007f8995af1ca0 00007f899809860e
0x00007f8995af1c60:   00007f8998954d50 0000000100078a98
0x00007f8995af1c70:   00007f8990020770 00007f899001c900
0x00007f8995af1c80:   00007f8995c4f8bd 00007f8995c4f901
0x00007f8995af1c90:   00000000c0d17a40 0000000000000240
0x00007f8995af1ca0:   00007f8995af1d50 00007f8997e73c0c
0x00007f8995af1cb0:   00007f8990021000 0000000000000100
0x00007f8995af1cc0:   00007f899001c900 0000000000000080
0x00007f8995af1cd0:   00000000c0d17a40 00000000c2011240
0x00007f8995af1ce0:   00007f8995c4f980 00000000c0d20010
0x00007f8995af1cf0:   00007f8995c5908a 00007f8995c4f880
0x00007f8995af1d00:   00007f89900726c0 00007f8995c4f901
0x00007f8995af1d10:   00007f899894a281 00007f899001c640
0x00007f8995af1d20:   0000000000000000 00007f89900726c0
0x00007f8995af1d30:   00007f8990025120 0000000000000000
0x00007f8995af1d40:   00007f8990025120 0000000000000001
0x00007f8995af1d50:   00007f8995af1d80 00007f8998354e93
0x00007f8995af1d60:   00007f8900000002 0000000000000000
0x00007f8995af1d70:   00007f8990021000 00007f899894a020
0x00007f8995af1d80:   00007f8995af1e80 00007f899801dd39
0x00007f8995af1d90:   00000000000003d8 00007f8990021878 

Instructions: (pc=0x00007f8998351ce3)
0x00007f8998351cc3:   8b 7d f8 c9 c3 0f 1f 84 00 00 00 00 00 48 8b 05
0x00007f8998351cd3:   19 2a 5c 00 8b 7e 08 8b 48 08 48 d3 e7 48 03 38
0x00007f8998351ce3:   44 8b 7f 08 41 83 ff 00 0f 8f 19 ff ff ff 0f 85
0x00007f8998351cf3:   49 02 00 00 66 0f 1f 84 00 00 00 00 00 48 8b 07 

Register to memory mapping:

RAX=0x00007f899892b980: <offset 0xe86980> in /usr/lib/jvm/java-8-openjdk-amd64/jre/lib/amd64/server/libjvm.so at 0x00007f8997aa5000
RBX=0x00000000f0101648 is an unknown value
RCX=0x0000000000000003 is an unknown value
RDX=0x0000000000000001 is an unknown value
RSP=0x00007f8995af1ba0 is an unknown value
RBP=0x00007f8995af1c10 is an unknown value
RSI=0x00000000f0101648 is an unknown value
RDI=0x0000000000000000 is an unknown value
R8 =0x00000000f6802160 is an oop
com.android.dx.rop.code.Rop 
 - klass: 'com/android/dx/rop/code/Rop'
R9 =0x00007f899894a281: <offset 0xea5281> in /usr/lib/jvm/java-8-openjdk-amd64/jre/lib/amd64/server/libjvm.so at 0x00007f8997aa5000
R10=0x00000000c0d17a00 is pointing into object: 0x00000000c0d17540
[I 
 - klass: {type array int}
 - length: 316
R11=0x00000000c0000000 is an oop
com.android.dx.rop.type.Type 
 - klass: 'com/android/dx/rop/type/Type'
R12=0x00000000c0d10a78 is pointing into object: 0x00000000c0d10a60
com.android.dx.dex.code.LocalSnapshot 
 - klass: 'com/android/dx/dex/code/LocalSnapshot'
R13=0x0000000000000000 is an unknown value
R14=0x00007f89900726c0 is an unknown value
R15=0x00007f8990072758 is an unknown value


Stack: [0x00007f89959f2000,0x00007f8995af3000],  sp=0x00007f8995af1ba0,  free space=1022k
Native frames: (J=compiled Java code, j=interpreted, Vv=VM code, C=native code)
V  [libjvm.so+0x8acce3]
V  [libjvm.so+0x8ac6f0]
V  [libjvm.so+0x3cec0c]
V  [libjvm.so+0x8afe93]
V  [libjvm.so+0x578d39]
V  [libjvm.so+0x8447a2]


---------------  P R O C E S S  ---------------

Java Threads: ( => current thread )
  0x00007f89901ea000 JavaThread "pool-1-thread-4" [_thread_blocked, id=18188, stack(0x00007f8979dfe000,0x00007f8979eff000)]
  0x00007f89901e8800 JavaThread "pool-1-thread-3" [_thread_blocked, id=18187, stack(0x00007f8979eff000,0x00007f897a000000)]
  0x00007f89901e4800 JavaThread "pool-1-thread-2" [_thread_blocked, id=18186, stack(0x00007f89800ea000,0x00007f89801eb000)]
  0x00007f89901d9000 JavaThread "pool-2-thread-1" [_thread_blocked, id=18185, stack(0x00007f89801eb000,0x00007f89802ec000)]
  0x00007f89901d6800 JavaThread "pool-1-thread-1" [_thread_blocked, id=18184, stack(0x00007f89802ec000,0x00007f89803ed000)]
  0x00007f89900b0000 JavaThread "Service Thread" daemon [_thread_blocked, id=18182, stack(0x00007f8980518000,0x00007f8980619000)]
  0x00007f89900ad800 JavaThread "C1 CompilerThread1" daemon [_thread_blocked, id=18181, stack(0x00007f8980619000,0x00007f898071a000)]
  0x00007f89900aa800 JavaThread "C2 CompilerThread0" daemon [_thread_blocked, id=18180, stack(0x00007f898071a000,0x00007f898081b000)]
  0x00007f89900a8800 JavaThread "Signal Dispatcher" daemon [_thread_blocked, id=18179, stack(0x00007f898081b000,0x00007f898091c000)]
  0x00007f8990081000 JavaThread "Finalizer" daemon [_thread_blocked, id=18178, stack(0x00007f8994034000,0x00007f8994135000)]
  0x00007f899007c800 JavaThread "Reference Handler" daemon [_thread_blocked, id=18177, stack(0x00007f8994135000,0x00007f8994236000)]
  0x00007f899000c000 JavaThread "main" [_thread_blocked, id=18173, stack(0x00007f8999673000,0x00007f8999774000)]

Other Threads:
  0x00007f8990075000 VMThread [stack: 0x00007f8994236000,0x00007f8994337000] [id=18176]
  0x00007f89900c7000 WatcherThread [stack: 0x00007f8980417000,0x00007f8980518000] [id=18183]

=>0x00007f8990021000 (exited) GCTaskThread [stack: 0x00007f89959f2000,0x00007f8995af3000] [id=18174]

VM state:at safepoint (normal execution)

VM Mutex/Monitor currently owned by a thread:  ([mutex/lock_event])
[0x00007f8990008150] Threads_lock - owner thread: 0x00007f8990075000
[0x00007f8990008650] Heap_lock - owner thread: 0x00007f89901d6800

Heap:
 PSYoungGen      total 91648K, used 91633K [0x00000000eab00000, 0x00000000f7900000, 0x0000000100000000)
  eden space 88064K, 100% used [0x00000000eab00000,0x00000000f0100000,0x00000000f0100000)
  from space 3584K, 99% used [0x00000000f0100000,0x00000000f047c748,0x00000000f0480000)
  to   space 17408K, 40% used [0x00000000f6800000,0x00000000f6eedc00,0x00000000f7900000)
 ParOldGen       total 58880K, used 32836K [0x00000000c0000000, 0x00000000c3980000, 0x00000000eab00000)
  object space 58880K, 55% used [0x00000000c0000000,0x00000000c2011240,0x00000000c3980000)
 Metaspace       used 6093K, capacity 7152K, committed 7296K, reserved 1056768K
  class space    used 573K, capacity 616K, committed 640K, reserved 1048576K

Card table byte_map: [0x00007f8995c49000,0x00007f8995e4a000] byte_map_base: 0x00007f8995649000

Marking Bits: (ParMarkBitMap*) 0x00007f8998954860
 Begin Bits: [0x00007f897a000000, 0x00007f897b000000)
 End Bits:   [0x00007f897b000000, 0x00007f897c000000)

Polling page: 0x00007f8999795000

CodeCache: size=245760Kb used=7217Kb max_used=7217Kb free=238542Kb
 bounds [0x00007f8981000000, 0x00007f8981720000, 0x00007f8990000000]
 total_blobs=2128 nmethods=1868 adapters=175
 compilation: enabled

Compilation events (10 events):
Event: 2.746 Thread 0x00007f89900ad800 1946   !   2       com.android.dx.dex.cf.CfTranslator::processMethods (583 bytes)
Event: 2.755 Thread 0x00007f89900ad800 nmethod 1946 0x00007f89817077d0 code [0x00007f8981707c80, 0x00007f89817092c8]
Event: 2.755 Thread 0x00007f89900ad800 1943       2       com.android.dx.dex.cf.OptimizerOptions::loadOptimizeLists (52 bytes)
Event: 2.755 Thread 0x00007f89900ad800 nmethod 1943 0x00007f898170ce10 code [0x00007f898170cfa0, 0x00007f898170d248]
Event: 2.755 Thread 0x00007f89900ad800 1944       2       com.android.dx.dex.file.ClassDefItem::<init> (110 bytes)
Event: 2.756 Thread 0x00007f89900ad800 nmethod 1944 0x00007f898170d350 code [0x00007f898170d520, 0x00007f898170db48]
Event: 2.756 Thread 0x00007f89900ad800 1945   !   2       com.android.dx.dex.cf.AttributeTranslator::getClassAnnotations (135 bytes)
Event: 2.762 Thread 0x00007f89900ad800 nmethod 1945 0x00007f898170de50 code [0x00007f898170e100, 0x00007f898170ee48]
Event: 2.765 Thread 0x00007f89900ad800 1947       2       com.android.dx.rop.code.Rops::pickBinaryOp (158 bytes)
Event: 2.765 Thread 0x00007f89900ad800 nmethod 1947 0x00007f898170fa10 code [0x00007f898170fc00, 0x00007f8981710218]

GC Heap History (10 events):
Event: 0.690 GC heap after
Heap after GC invocations=1 (full 0):
 PSYoungGen      total 25600K, used 3560K [0x00000000eab00000, 0x00000000edd00000, 0x0000000100000000)
  eden space 22016K, 0% used [0x00000000eab00000,0x00000000eab00000,0x00000000ec080000)
  from space 3584K, 99% used [0x00000000ec080000,0x00000000ec3fa2b0,0x00000000ec400000)
  to   space 3584K, 0% used [0x00000000ed980000,0x00000000ed980000,0x00000000edd00000)
 ParOldGen       total 58880K, used 2227K [0x00000000c0000000, 0x00000000c3980000, 0x00000000eab00000)
  object space 58880K, 3% used [0x00000000c0000000,0x00000000c022ce70,0x00000000c3980000)
 Metaspace       used 5324K, capacity 6640K, committed 6784K, reserved 1056768K
  class space    used 539K, capacity 616K, committed 640K, reserved 1048576K
}
Event: 0.925 GC heap before
{Heap before GC invocations=2 (full 0):
 PSYoungGen      total 25600K, used 25576K [0x00000000eab00000, 0x00000000edd00000, 0x0000000100000000)
  eden space 22016K, 100% used [0x00000000eab00000,0x00000000ec080000,0x00000000ec080000)
  from space 3584K, 99% used [0x00000000ec080000,0x00000000ec3fa2b0,0x00000000ec400000)
  to   space 3584K, 0% used [0x00000000ed980000,0x00000000ed980000,0x00000000edd00000)
 ParOldGen       total 58880K, used 2227K [0x00000000c0000000, 0x00000000c3980000, 0x00000000eab00000)
  object space 58880K, 3% used [0x00000000c0000000,0x00000000c022ce70,0x00000000c3980000)
 Metaspace       used 5559K, capacity 6768K, committed 7040K, reserved 1056768K
  class space    used 554K, capacity 616K, committed 640K, reserved 1048576K
Event: 0.943 GC heap after
Heap after GC invocations=2 (full 0):
 PSYoungGen      total 47616K, used 3571K [0x00000000eab00000, 0x00000000edd00000, 0x0000000100000000)
  eden space 44032K, 0% used [0x00000000eab00000,0x00000000eab00000,0x00000000ed600000)
  from space 3584K, 99% used [0x00000000ed980000,0x00000000edcfcfc0,0x00000000edd00000)
  to   space 3584K, 0% used [0x00000000ed600000,0x00000000ed600000,0x00000000ed980000)
 ParOldGen       total 58880K, used 5539K [0x00000000c0000000, 0x00000000c3980000, 0x00000000eab00000)
  object space 58880K, 9% used [0x00000000c0000000,0x00000000c0568cf8,0x00000000c3980000)
 Metaspace       used 5559K, capacity 6768K, committed 7040K, reserved 1056768K
  class space    used 554K, capacity 616K, committed 640K, reserved 1048576K
}
Event: 1.290 GC heap before
{Heap before GC invocations=3 (full 0):
 PSYoungGen      total 47616K, used 47603K [0x00000000eab00000, 0x00000000edd00000, 0x0000000100000000)
  eden space 44032K, 100% used [0x00000000eab00000,0x00000000ed600000,0x00000000ed600000)
  from space 3584K, 99% used [0x00000000ed980000,0x00000000edcfcfc0,0x00000000edd00000)
  to   space 3584K, 0% used [0x00000000ed600000,0x00000000ed600000,0x00000000ed980000)
 ParOldGen       total 58880K, used 5539K [0x00000000c0000000, 0x00000000c3980000, 0x00000000eab00000)
  object space 58880K, 9% used [0x00000000c0000000,0x00000000c0568cf8,0x00000000c3980000)
 Metaspace       used 5719K, capacity 6960K, committed 7040K, reserved 1056768K
  class space    used 554K, capacity 616K, committed 640K, reserved 1048576K
Event: 1.319 GC heap after
Heap after GC invocations=3 (full 0):
 PSYoungGen      total 47616K, used 3572K [0x00000000eab00000, 0x00000000f0800000, 0x0000000100000000)
  eden space 44032K, 0% used [0x00000000eab00000,0x00000000eab00000,0x00000000ed600000)
  from space 3584K, 99% used [0x00000000ed600000,0x00000000ed97d260,0x00000000ed980000)
  to   space 3584K, 0% used [0x00000000f0480000,0x00000000f0480000,0x00000000f0800000)
 ParOldGen       total 58880K, used 12688K [0x00000000c0000000, 0x00000000c3980000, 0x00000000eab00000)
  object space 58880K, 21% used [0x00000000c0000000,0x00000000c0c640c0,0x00000000c3980000)
 Metaspace       used 5719K, capacity 6960K, committed 7040K, reserved 1056768K
  class space    used 554K, capacity 616K, committed 640K, reserved 1048576K
}
Event: 1.601 GC heap before
{Heap before GC invocations=4 (full 0):
 PSYoungGen      total 47616K, used 47604K [0x00000000eab00000, 0x00000000f0800000, 0x0000000100000000)
  eden space 44032K, 100% used [0x00000000eab00000,0x00000000ed600000,0x00000000ed600000)
  from space 3584K, 99% used [0x00000000ed600000,0x00000000ed97d260,0x00000000ed980000)
  to   space 3584K, 0% used [0x00000000f0480000,0x00000000f0480000,0x00000000f0800000)
 ParOldGen       total 58880K, used 12688K [0x00000000c0000000, 0x00000000c3980000, 0x00000000eab00000)
  object space 58880K, 21% used [0x00000000c0000000,0x00000000c0c640c0,0x00000000c3980000)
 Metaspace       used 5737K, capacity 6960K, committed 7040K, reserved 1056768K
  class space    used 554K, capacity 616K, committed 640K, reserved 1048576K
Event: 1.630 GC heap after
Heap after GC invocations=4 (full 0):
 PSYoungGen      total 91648K, used 3554K [0x00000000eab00000, 0x00000000f0800000, 0x0000000100000000)
  eden space 88064K, 0% used [0x00000000eab00000,0x00000000eab00000,0x00000000f0100000)
  from space 3584K, 99% used [0x00000000f0480000,0x00000000f07f8a30,0x00000000f0800000)
  to   space 3584K, 0% used [0x00000000f0100000,0x00000000f0100000,0x00000000f0480000)
 ParOldGen       total 58880K, used 19730K [0x00000000c0000000, 0x00000000c3980000, 0x00000000eab00000)
  object space 58880K, 33% used [0x00000000c0000000,0x00000000c1344828,0x00000000c3980000)
 Metaspace       used 5737K, capacity 6960K, committed 7040K, reserved 1056768K
  class space    used 554K, capacity 616K, committed 640K, reserved 1048576K
}
Event: 2.185 GC heap before
{Heap before GC invocations=5 (full 0):
 PSYoungGen      total 91648K, used 91618K [0x00000000eab00000, 0x00000000f0800000, 0x0000000100000000)
  eden space 88064K, 100% used [0x00000000eab00000,0x00000000f0100000,0x00000000f0100000)
  from space 3584K, 99% used [0x00000000f0480000,0x00000000f07f8a30,0x00000000f0800000)
  to   space 3584K, 0% used [0x00000000f0100000,0x00000000f0100000,0x00000000f0480000)
 ParOldGen       total 58880K, used 19730K [0x00000000c0000000, 0x00000000c3980000, 0x00000000eab00000)
  object space 58880K, 33% used [0x00000000c0000000,0x00000000c1344828,0x00000000c3980000)
 Metaspace       used 5828K, capacity 7024K, committed 7296K, reserved 1056768K
  class space    used 554K, capacity 616K, committed 640K, reserved 1048576K
Event: 2.249 GC heap after
Heap after GC invocations=5 (full 0):
 PSYoungGen      total 91648K, used 3569K [0x00000000eab00000, 0x00000000f7900000, 0x0000000100000000)
  eden space 88064K, 0% used [0x00000000eab00000,0x00000000eab00000,0x00000000f0100000)
  from space 3584K, 99% used [0x00000000f0100000,0x00000000f047c748,0x00000000f0480000)
  to   space 17408K, 0% used [0x00000000f6800000,0x00000000f6800000,0x00000000f7900000)
 ParOldGen       total 58880K, used 32836K [0x00000000c0000000, 0x00000000c3980000, 0x00000000eab00000)
  object space 58880K, 55% used [0x00000000c0000000,0x00000000c2011240,0x00000000c3980000)
 Metaspace       used 5828K, capacity 7024K, committed 7296K, reserved 1056768K
  class space    used 554K, capacity 616K, committed 640K, reserved 1048576K
}
Event: 2.786 GC heap before
{Heap before GC invocations=6 (full 0):
 PSYoungGen      total 91648K, used 91633K [0x00000000eab00000, 0x00000000f7900000, 0x0000000100000000)
  eden space 88064K, 100% used [0x00000000eab00000,0x00000000f0100000,0x00000000f0100000)
  from space 3584K, 99% used [0x00000000f0100000,0x00000000f047c748,0x00000000f0480000)
  to   space 17408K, 0% used [0x00000000f6800000,0x00000000f6800000,0x00000000f7900000)
 ParOldGen       total 58880K, used 32836K [0x00000000c0000000, 0x00000000c3980000, 0x00000000eab00000)
  object space 58880K, 55% used [0x00000000c0000000,0x00000000c2011240,0x00000000c3980000)
 Metaspace       used 6093K, capacity 7152K, committed 7296K, reserved 1056768K
  class space    used 573K, capacity 616K, committed 640K, reserved 1048576K

Deoptimization events (10 events):
Event: 1.034 Thread 0x00007f89901e4800 Uncommon trap: reason=unstable_if action=reinterpret pc=0x00007f89813700d8 method=com.android.dx.rop.code.RegisterSpecSet.put(Lcom/android/dx/rop/code/RegisterSpec;)V @ 77
Event: 1.331 Thread 0x00007f899000c000 Uncommon trap: reason=unstable_if action=reinterpret pc=0x00007f8981294180 method=com.android.dx.rop.cst.StdConstantPool.set(ILcom/android/dx/rop/cst/Constant;)V @ 12
Event: 2.285 Thread 0x00007f89901d6800 Uncommon trap: reason=unstable_if action=reinterpret pc=0x00007f898158c3fc method=java.util.HashMap.putVal(ILjava/lang/Object;Ljava/lang/Object;ZZ)Ljava/lang/Object; @ 94
Event: 2.320 Thread 0x00007f899000c000 Uncommon trap: reason=unstable_if action=reinterpret pc=0x00007f8981425cc0 method=java.util.HashMap.putVal(ILjava/lang/Object;Ljava/lang/Object;ZZ)Ljava/lang/Object; @ 162
Event: 2.341 Thread 0x00007f899000c000 Uncommon trap: reason=unstable_if action=reinterpret pc=0x00007f898132c720 method=java.util.HashMap.getNode(ILjava/lang/Object;)Ljava/util/HashMap$Node; @ 84
Event: 2.343 Thread 0x00007f89901e8800 Uncommon trap: reason=unstable_if action=reinterpret pc=0x00007f898123a480 method=java.util.HashMap.getNode(ILjava/lang/Object;)Ljava/util/HashMap$Node; @ 84
Event: 2.732 Thread 0x00007f89901e8800 Uncommon trap: reason=bimorphic action=maybe_recompile pc=0x00007f89816a8430 method=java.util.HashMap.getNode(ILjava/lang/Object;)Ljava/util/HashMap$Node; @ 126
Event: 2.732 Thread 0x00007f89901e8800 Uncommon trap: reason=bimorphic action=maybe_recompile pc=0x00007f89816a8430 method=java.util.HashMap.getNode(ILjava/lang/Object;)Ljava/util/HashMap$Node; @ 126
Event: 2.732 Thread 0x00007f89901e8800 Uncommon trap: reason=bimorphic action=maybe_recompile pc=0x00007f89816a8430 method=java.util.HashMap.getNode(ILjava/lang/Object;)Ljava/util/HashMap$Node; @ 126
Event: 2.732 Thread 0x00007f89901e8800 Uncommon trap: reason=bimorphic action=maybe_recompile pc=0x00007f89816a8430 method=java.util.HashMap.getNode(ILjava/lang/Object;)Ljava/util/HashMap$Node; @ 126

Internal exceptions (8 events):
Event: 0.123 Thread 0x00007f899000c000 Exception <a 'java/lang/NoSuchMethodError': Method sun.misc.Unsafe.defineClass(Ljava/lang/String;[BII)Ljava/lang/Class; name or signature does not match> (0x00000000eab07cc0) thrown at [/build/openjdk-8-VjXRMI/openjdk-8-8u91-b14/src/hotspot/src/share/vm/p
Event: 0.123 Thread 0x00007f899000c000 Exception <a 'java/lang/NoSuchMethodError': Method sun.misc.Unsafe.prefetchRead(Ljava/lang/Object;J)V name or signature does not match> (0x00000000eab07fa8) thrown at [/build/openjdk-8-VjXRMI/openjdk-8-8u91-b14/src/hotspot/src/share/vm/prims/jni.cpp, line
Event: 0.158 Thread 0x00007f899000c000 Exception <a 'java/util/zip/ZipException'> (0x00000000eab5cf98) thrown at [/build/openjdk-8-VjXRMI/openjdk-8-8u91-b14/src/hotspot/src/share/vm/prims/jni.cpp, line 709]
Event: 0.158 Thread 0x00007f899000c000 Exception <a 'java/security/PrivilegedActionException'> (0x00000000eab5d238) thrown at [/build/openjdk-8-VjXRMI/openjdk-8-8u91-b14/src/hotspot/src/share/vm/prims/jvm.cpp, line 1386]
Event: 0.158 Thread 0x00007f899000c000 Exception <a 'java/security/PrivilegedActionException'> (0x00000000eab5d448) thrown at [/build/openjdk-8-VjXRMI/openjdk-8-8u91-b14/src/hotspot/src/share/vm/prims/jvm.cpp, line 1386]
Event: 2.321 Thread 0x00007f899000c000 Exception <a 'java/lang/ArrayIndexOutOfBoundsException': 18> (0x00000000eb8ce4b8) thrown at [/build/openjdk-8-VjXRMI/openjdk-8-8u91-b14/src/hotspot/src/share/vm/interpreter/interpreterRuntime.cpp, line 366]
Event: 2.321 Thread 0x00007f899000c000 Exception <a 'java/lang/ArrayIndexOutOfBoundsException': 145> (0x00000000eb8d0038) thrown at [/build/openjdk-8-VjXRMI/openjdk-8-8u91-b14/src/hotspot/src/share/vm/interpreter/interpreterRuntime.cpp, line 366]
Event: 2.322 Thread 0x00007f899000c000 Exception <a 'java/lang/ArrayIndexOutOfBoundsException': 40> (0x00000000eb8d1320) thrown at [/build/openjdk-8-VjXRMI/openjdk-8-8u91-b14/src/hotspot/src/share/vm/interpreter/interpreterRuntime.cpp, line 366]

Events (10 events):
Event: 2.732 Thread 0x00007f89901e8800 Uncommon trap: trap_request=0xffffffc6 fr.pc=0x00007f89816a8430
Event: 2.732 Thread 0x00007f89901e8800 DEOPT PACKING pc=0x00007f89816a8430 sp=0x00007f8979ffd690
Event: 2.732 Thread 0x00007f89901e8800 DEOPT UNPACKING pc=0x00007f8981004f69 sp=0x00007f8979ffd5c8 mode 2
Event: 2.736 Thread 0x00007f89901e4800 DEOPT PACKING pc=0x00007f898126ec7f sp=0x00007f89801e8b00
Event: 2.736 Thread 0x00007f89901e4800 DEOPT UNPACKING pc=0x00007f8981046f73 sp=0x00007f89801e8900 mode 0
Event: 2.748 Thread 0x00007f89901ea000 DEOPT PACKING pc=0x00007f898126ec7f sp=0x00007f8979efcb20
Event: 2.748 Thread 0x00007f89901ea000 DEOPT UNPACKING pc=0x00007f8981046f73 sp=0x00007f8979efc920 mode 0
Event: 2.763 Thread 0x00007f89901e8800 DEOPT PACKING pc=0x00007f898126ec7f sp=0x00007f8979ffdbf0
Event: 2.763 Thread 0x00007f89901e8800 DEOPT UNPACKING pc=0x00007f8981046f73 sp=0x00007f8979ffd9f0 mode 0
Event: 2.781 Executing VM operation: ParallelGCFailedAllocation


Dynamic libraries:
00400000-00401000 r-xp 00000000 08:01 2126324                            /usr/lib/jvm/java-8-openjdk-amd64/jre/bin/java
00600000-00601000 r--p 00000000 08:01 2126324                            /usr/lib/jvm/java-8-openjdk-amd64/jre/bin/java
00601000-00602000 rw-p 00001000 08:01 2126324                            /usr/lib/jvm/java-8-openjdk-amd64/jre/bin/java
011b4000-011d5000 rw-p 00000000 00:00 0                                  [heap]
c0000000-c3980000 rw-p 00000000 00:00 0 
c3980000-eab00000 ---p 00000000 00:00 0 
eab00000-f7900000 rw-p 00000000 00:00 0 
f7900000-100000000 ---p 00000000 00:00 0 
100000000-1000a0000 rw-p 00000000 00:00 0 
1000a0000-140000000 ---p 00000000 00:00 0 
7f8944000000-7f8944021000 rw-p 00000000 00:00 0 
7f8944021000-7f8948000000 ---p 00000000 00:00 0 
7f8948000000-7f8948021000 rw-p 00000000 00:00 0 
7f8948021000-7f894c000000 ---p 00000000 00:00 0 
7f894c000000-7f894c03b000 rw-p 00000000 00:00 0 
7f894c03b000-7f8950000000 ---p 00000000 00:00 0 
7f8950000000-7f8950021000 rw-p 00000000 00:00 0 
7f8950021000-7f8954000000 ---p 00000000 00:00 0 
7f8954000000-7f8954021000 rw-p 00000000 00:00 0 
7f8954021000-7f8958000000 ---p 00000000 00:00 0 
7f8958000000-7f8958021000 rw-p 00000000 00:00 0 
7f8958021000-7f895c000000 ---p 00000000 00:00 0 
7f895c000000-7f895c413000 rw-p 00000000 00:00 0 
7f895c413000-7f8960000000 ---p 00000000 00:00 0 
7f8960000000-7f8960557000 rw-p 00000000 00:00 0 
7f8960557000-7f8964000000 ---p 00000000 00:00 0 
7f8964000000-7f8964021000 rw-p 00000000 00:00 0 
7f8964021000-7f8968000000 ---p 00000000 00:00 0 
7f8968000000-7f8968021000 rw-p 00000000 00:00 0 
7f8968021000-7f896c000000 ---p 00000000 00:00 0 
7f896c000000-7f896c021000 rw-p 00000000 00:00 0 
7f896c021000-7f8970000000 ---p 00000000 00:00 0 
7f8970000000-7f8970021000 rw-p 00000000 00:00 0 
7f8970021000-7f8974000000 ---p 00000000 00:00 0 
7f8974000000-7f8974021000 rw-p 00000000 00:00 0 
7f8974021000-7f8978000000 ---p 00000000 00:00 0 
7f8979dfe000-7f8979e01000 ---p 00000000 00:00 0 
7f8979e01000-7f8979eff000 rw-p 00000000 00:00 0                          [stack:18188]
7f8979eff000-7f8979f02000 ---p 00000000 00:00 0 
7f8979f02000-7f897c000000 rw-p 00000000 00:00 0                          [stack:18187]
7f897c000000-7f897c021000 rw-p 00000000 00:00 0 
7f897c021000-7f8980000000 ---p 00000000 00:00 0 
7f89800ea000-7f89800ed000 ---p 00000000 00:00 0 
7f89800ed000-7f89801eb000 rw-p 00000000 00:00 0                          [stack:18186]
7f89801eb000-7f89801ee000 ---p 00000000 00:00 0 
7f89801ee000-7f89802ec000 rw-p 00000000 00:00 0                          [stack:18185]
7f89802ec000-7f89802ef000 ---p 00000000 00:00 0 
7f89802ef000-7f89803ed000 rw-p 00000000 00:00 0                          [stack:18184]
7f89803ed000-7f89803fc000 r--s 000df000 08:01 3972689                    /home/percept/adt-bundle-linux-x86_64-20140702/sdk/build-tools/23.0.2/lib/dx.jar
7f89803fc000-7f8980417000 r--s 001d7000 08:01 2378351                    /usr/lib/jvm/java-8-openjdk-amd64/jre/lib/ext/nashorn.jar
7f8980417000-7f8980418000 ---p 00000000 00:00 0 
7f8980418000-7f8980518000 rw-p 00000000 00:00 0                          [stack:18183]
7f8980518000-7f898051b000 ---p 00000000 00:00 0 
7f898051b000-7f8980619000 rw-p 00000000 00:00 0                          [stack:18182]
7f8980619000-7f898061c000 ---p 00000000 00:00 0 
7f898061c000-7f898071a000 rw-p 00000000 00:00 0                          [stack:18181]
7f898071a000-7f898071d000 ---p 00000000 00:00 0 
7f898071d000-7f898081b000 rw-p 00000000 00:00 0                          [stack:18180]
7f898081b000-7f898081e000 ---p 00000000 00:00 0 
7f898081e000-7f898091c000 rw-p 00000000 00:00 0                          [stack:18179]
7f898091c000-7f8981000000 r--p 00000000 08:01 4331986                    /usr/lib/locale/locale-archive
7f8981000000-7f8981720000 rwxp 00000000 00:00 0 
7f8981720000-7f8990000000 ---p 00000000 00:00 0 
7f8990000000-7f8990232000 rw-p 00000000 00:00 0 
7f8990232000-7f8994000000 ---p 00000000 00:00 0 
7f899400e000-7f8994018000 r--s 00116000 08:01 2378359                    /usr/lib/jvm/java-8-openjdk-amd64/jre/lib/ext/localedata.jar
7f8994018000-7f8994034000 r--s 00393000 08:01 2378353                    /usr/lib/jvm/java-8-openjdk-amd64/jre/lib/ext/cldrdata.jar
7f8994034000-7f8994037000 ---p 00000000 00:00 0 
7f8994037000-7f8994135000 rw-p 00000000 00:00 0                          [stack:18178]
7f8994135000-7f8994138000 ---p 00000000 00:00 0 
7f8994138000-7f8994236000 rw-p 00000000 00:00 0                          [stack:18177]
7f8994236000-7f8994237000 ---p 00000000 00:00 0 
7f8994237000-7f8994cae000 rw-p 00000000 00:00 0                          [stack:18176]
7f8994cae000-7f8994e7b000 r--s 03be7000 08:01 1191940                    /usr/lib/jvm/java-8-openjdk-amd64/jre/lib/rt.jar
7f8994e7b000-7f8995571000 rw-p 00000000 00:00 0 
7f8995571000-7f89956f1000 ---p 00000000 00:00 0 
7f89956f1000-7f89958f1000 rw-p 00000000 00:00 0 
7f89958f1000-7f89958f2000 ---p 00000000 00:00 0 
7f89958f2000-7f89959f2000 rw-p 00000000 00:00 0                          [stack:18175]
7f89959f2000-7f89959f3000 ---p 00000000 00:00 0 
7f89959f3000-7f8995b10000 rw-p 00000000 00:00 0                          [stack:18174]
7f8995b10000-7f8995c49000 ---p 00000000 00:00 0 
7f8995c49000-7f8995c66000 rw-p 00000000 00:00 0 
7f8995c66000-7f8995d9e000 ---p 00000000 00:00 0 
7f8995d9e000-7f8995e06000 rw-p 00000000 00:00 0 
7f8995e06000-7f8995e49000 ---p 00000000 00:00 0 
7f8995e49000-7f8995e67000 rw-p 00000000 00:00 0 
7f8995e67000-7f899620a000 ---p 00000000 00:00 0 
7f899620a000-7f8996212000 r-xp 00000000 08:01 1191907                    /usr/lib/jvm/java-8-openjdk-amd64/jre/lib/amd64/libzip.so
7f8996212000-7f8996411000 ---p 00008000 08:01 1191907                    /usr/lib/jvm/java-8-openjdk-amd64/jre/lib/amd64/libzip.so
7f8996411000-7f8996412000 r--p 00007000 08:01 1191907                    /usr/lib/jvm/java-8-openjdk-amd64/jre/lib/amd64/libzip.so
7f8996412000-7f8996413000 rw-p 00008000 08:01 1191907                    /usr/lib/jvm/java-8-openjdk-amd64/jre/lib/amd64/libzip.so
7f8996413000-7f899641f000 r-xp 00000000 08:01 3426083                    /lib/x86_64-linux-gnu/libnss_files-2.15.so
7f899641f000-7f899661e000 ---p 0000c000 08:01 3426083                    /lib/x86_64-linux-gnu/libnss_files-2.15.so
7f899661e000-7f899661f000 r--p 0000b000 08:01 3426083                    /lib/x86_64-linux-gnu/libnss_files-2.15.so
7f899661f000-7f8996620000 rw-p 0000c000 08:01 3426083                    /lib/x86_64-linux-gnu/libnss_files-2.15.so
7f8996620000-7f899662a000 r-xp 00000000 08:01 3424923                    /lib/x86_64-linux-gnu/libnss_nis-2.15.so
7f899662a000-7f899682a000 ---p 0000a000 08:01 3424923                    /lib/x86_64-linux-gnu/libnss_nis-2.15.so
7f899682a000-7f899682b000 r--p 0000a000 08:01 3424923                    /lib/x86_64-linux-gnu/libnss_nis-2.15.so
7f899682b000-7f899682c000 rw-p 0000b000 08:01 3424923                    /lib/x86_64-linux-gnu/libnss_nis-2.15.so
7f899682c000-7f8996843000 r-xp 00000000 08:01 3426077                    /lib/x86_64-linux-gnu/libnsl-2.15.so
7f8996843000-7f8996a42000 ---p 00017000 08:01 3426077                    /lib/x86_64-linux-gnu/libnsl-2.15.so
7f8996a42000-7f8996a43000 r--p 00016000 08:01 3426077                    /lib/x86_64-linux-gnu/libnsl-2.15.so
7f8996a43000-7f8996a44000 rw-p 00017000 08:01 3426077                    /lib/x86_64-linux-gnu/libnsl-2.15.so
7f8996a44000-7f8996a46000 rw-p 00000000 00:00 0 
7f8996a46000-7f8996a4e000 r-xp 00000000 08:01 3426082                    /lib/x86_64-linux-gnu/libnss_compat-2.15.so
7f8996a4e000-7f8996c4d000 ---p 00008000 08:01 3426082                    /lib/x86_64-linux-gnu/libnss_compat-2.15.so
7f8996c4d000-7f8996c4e000 r--p 00007000 08:01 3426082                    /lib/x86_64-linux-gnu/libnss_compat-2.15.so
7f8996c4e000-7f8996c4f000 rw-p 00008000 08:01 3426082                    /lib/x86_64-linux-gnu/libnss_compat-2.15.so
7f8996c4f000-7f8996c79000 r-xp 00000000 08:01 1191893                    /usr/lib/jvm/java-8-openjdk-amd64/jre/lib/amd64/libjava.so
7f8996c79000-7f8996e78000 ---p 0002a000 08:01 1191893                    /usr/lib/jvm/java-8-openjdk-amd64/jre/lib/amd64/libjava.so
7f8996e78000-7f8996e79000 r--p 00029000 08:01 1191893                    /usr/lib/jvm/java-8-openjdk-amd64/jre/lib/amd64/libjava.so
7f8996e79000-7f8996e7b000 rw-p 0002a000 08:01 1191893                    /usr/lib/jvm/java-8-openjdk-amd64/jre/lib/amd64/libjava.so
7f8996e7b000-7f8996e89000 r-xp 00000000 08:01 1191894                    /usr/lib/jvm/java-8-openjdk-amd64/jre/lib/amd64/libverify.so
7f8996e89000-7f8997088000 ---p 0000e000 08:01 1191894                    /usr/lib/jvm/java-8-openjdk-amd64/jre/lib/amd64/libverify.so
7f8997088000-7f899708a000 r--p 0000d000 08:01 1191894                    /usr/lib/jvm/java-8-openjdk-amd64/jre/lib/amd64/libverify.so
7f899708a000-7f899708b000 rw-p 0000f000 08:01 1191894                    /usr/lib/jvm/java-8-openjdk-amd64/jre/lib/amd64/libverify.so
7f899708b000-7f8997092000 r-xp 00000000 08:01 3424987                    /lib/x86_64-linux-gnu/librt-2.15.so
7f8997092000-7f8997291000 ---p 00007000 08:01 3424987                    /lib/x86_64-linux-gnu/librt-2.15.so
7f8997291000-7f8997292000 r--p 00006000 08:01 3424987                    /lib/x86_64-linux-gnu/librt-2.15.so
7f8997292000-7f8997293000 rw-p 00007000 08:01 3424987                    /lib/x86_64-linux-gnu/librt-2.15.so
7f8997293000-7f89972a8000 r-xp 00000000 08:01 3411528                    /lib/x86_64-linux-gnu/libgcc_s.so.1
7f89972a8000-7f89974a7000 ---p 00015000 08:01 3411528                    /lib/x86_64-linux-gnu/libgcc_s.so.1
7f89974a7000-7f89974a8000 r--p 00014000 08:01 3411528                    /lib/x86_64-linux-gnu/libgcc_s.so.1
7f89974a8000-7f89974a9000 rw-p 00015000 08:01 3411528                    /lib/x86_64-linux-gnu/libgcc_s.so.1
7f89974a9000-7f89975a4000 r-xp 00000000 08:01 3426084                    /lib/x86_64-linux-gnu/libm-2.15.so
7f89975a4000-7f89977a3000 ---p 000fb000 08:01 3426084                    /lib/x86_64-linux-gnu/libm-2.15.so
7f89977a3000-7f89977a4000 r--p 000fa000 08:01 3426084                    /lib/x86_64-linux-gnu/libm-2.15.so
7f89977a4000-7f89977a5000 rw-p 000fb000 08:01 3426084                    /lib/x86_64-linux-gnu/libm-2.15.so
7f89977a5000-7f8997887000 r-xp 00000000 08:01 4333218                    /usr/lib/x86_64-linux-gnu/libstdc++.so.6.0.16
7f8997887000-7f8997a86000 ---p 000e2000 08:01 4333218                    /usr/lib/x86_64-linux-gnu/libstdc++.so.6.0.16
7f8997a86000-7f8997a8e000 r--p 000e1000 08:01 4333218                    /usr/lib/x86_64-linux-gnu/libstdc++.so.6.0.16
7f8997a8e000-7f8997a90000 rw-p 000e9000 08:01 4333218                    /usr/lib/x86_64-linux-gnu/libstdc++.so.6.0.16
7f8997a90000-7f8997aa5000 rw-p 00000000 00:00 0 
7f8997aa5000-7f8998673000 r-xp 00000000 08:01 1191905                    /usr/lib/jvm/java-8-openjdk-amd64/jre/lib/amd64/server/libjvm.so
7f8998673000-7f8998872000 ---p 00bce000 08:01 1191905                    /usr/lib/jvm/java-8-openjdk-amd64/jre/lib/amd64/server/libjvm.so
7f8998872000-7f8998917000 r--p 00bcd000 08:01 1191905                    /usr/lib/jvm/java-8-openjdk-amd64/jre/lib/amd64/server/libjvm.so
7f8998917000-7f899893f000 rw-p 00c72000 08:01 1191905                    /usr/lib/jvm/java-8-openjdk-amd64/jre/lib/amd64/server/libjvm.so
7f899893f000-7f8998971000 rw-p 00000000 00:00 0 
7f8998971000-7f8998989000 r-xp 00000000 08:01 3426078                    /lib/x86_64-linux-gnu/libpthread-2.15.so
7f8998989000-7f8998b88000 ---p 00018000 08:01 3426078                    /lib/x86_64-linux-gnu/libpthread-2.15.so
7f8998b88000-7f8998b89000 r--p 00017000 08:01 3426078                    /lib/x86_64-linux-gnu/libpthread-2.15.so
7f8998b89000-7f8998b8a000 rw-p 00018000 08:01 3426078                    /lib/x86_64-linux-gnu/libpthread-2.15.so
7f8998b8a000-7f8998b8e000 rw-p 00000000 00:00 0 
7f8998b8e000-7f8998b90000 r-xp 00000000 08:01 3424922                    /lib/x86_64-linux-gnu/libdl-2.15.so
7f8998b90000-7f8998d90000 ---p 00002000 08:01 3424922                    /lib/x86_64-linux-gnu/libdl-2.15.so
7f8998d90000-7f8998d91000 r--p 00002000 08:01 3424922                    /lib/x86_64-linux-gnu/libdl-2.15.so
7f8998d91000-7f8998d92000 rw-p 00003000 08:01 3424922                    /lib/x86_64-linux-gnu/libdl-2.15.so
7f8998d92000-7f8998da8000 r-xp 00000000 08:01 3411618                    /lib/x86_64-linux-gnu/libz.so.1.2.3.4
7f8998da8000-7f8998fa7000 ---p 00016000 08:01 3411618                    /lib/x86_64-linux-gnu/libz.so.1.2.3.4
7f8998fa7000-7f8998fa8000 r--p 00015000 08:01 3411618                    /lib/x86_64-linux-gnu/libz.so.1.2.3.4
7f8998fa8000-7f8998fa9000 rw-p 00016000 08:01 3411618                    /lib/x86_64-linux-gnu/libz.so.1.2.3.4
7f8998fa9000-7f899915d000 r-xp 00000000 08:01 3426075                    /lib/x86_64-linux-gnu/libc-2.15.so
7f899915d000-7f899935c000 ---p 001b4000 08:01 3426075                    /lib/x86_64-linux-gnu/libc-2.15.so
7f899935c000-7f8999360000 r--p 001b3000 08:01 3426075                    /lib/x86_64-linux-gnu/libc-2.15.so
7f8999360000-7f8999362000 rw-p 001b7000 08:01 3426075                    /lib/x86_64-linux-gnu/libc-2.15.so
7f8999362000-7f8999367000 rw-p 00000000 00:00 0 
7f8999367000-7f8999374000 r-xp 00000000 08:01 1191924                    /usr/lib/jvm/java-8-openjdk-amd64/jre/lib/amd64/jli/libjli.so
7f8999374000-7f8999574000 ---p 0000d000 08:01 1191924                    /usr/lib/jvm/java-8-openjdk-amd64/jre/lib/amd64/jli/libjli.so
7f8999574000-7f8999575000 r--p 0000d000 08:01 1191924                    /usr/lib/jvm/java-8-openjdk-amd64/jre/lib/amd64/jli/libjli.so
7f8999575000-7f8999576000 rw-p 0000e000 08:01 1191924                    /usr/lib/jvm/java-8-openjdk-amd64/jre/lib/amd64/jli/libjli.so
7f8999576000-7f8999598000 r-xp 00000000 08:01 3426081                    /lib/x86_64-linux-gnu/ld-2.15.so
7f8999599000-7f8999673000 rw-p 00000000 00:00 0 
7f8999673000-7f8999676000 ---p 00000000 00:00 0 
7f8999676000-7f8999779000 rw-p 00000000 00:00 0                          [stack:18173]
7f8999779000-7f899977a000 r--s 00007000 08:01 4615355                    /usr/share/java/java-atk-wrapper.jar
7f899977a000-7f899977b000 r--s 00010000 08:01 2378356                    /usr/lib/jvm/java-8-openjdk-amd64/jre/lib/ext/zipfs.jar
7f899977b000-7f899977d000 r--s 00001000 08:01 2378352                    /usr/lib/jvm/java-8-openjdk-amd64/jre/lib/ext/dnsns.jar
7f899977d000-7f8999780000 r--s 0000f000 08:01 2378358                    /usr/lib/jvm/java-8-openjdk-amd64/jre/lib/ext/icedtea-sound.jar
7f8999780000-7f8999781000 r--s 0000a000 08:01 2378355                    /usr/lib/jvm/java-8-openjdk-amd64/jre/lib/ext/jaccess.jar
7f8999781000-7f8999787000 r--s 0003a000 08:01 2378357                    /usr/lib/jvm/java-8-openjdk-amd64/jre/lib/ext/sunjce_provider.jar
7f8999787000-7f8999788000 r--s 00008000 08:01 2378354                    /usr/lib/jvm/java-8-openjdk-amd64/jre/lib/ext/sunec.jar
7f8999788000-7f899978c000 r--s 00037000 08:01 2378360                    /usr/lib/jvm/java-8-openjdk-amd64/jre/lib/ext/sunpkcs11.jar
7f899978c000-7f8999794000 rw-s 00000000 08:01 2513999                    /tmp/hsperfdata_percept/18168
7f8999794000-7f8999795000 rw-p 00000000 00:00 0 
7f8999795000-7f8999796000 ---p 00000000 00:00 0 
7f8999796000-7f8999798000 rw-p 00000000 00:00 0 
7f8999798000-7f8999799000 r--p 00022000 08:01 3426081                    /lib/x86_64-linux-gnu/ld-2.15.so
7f8999799000-7f899979b000 rw-p 00023000 08:01 3426081                    /lib/x86_64-linux-gnu/ld-2.15.so
7fff616dd000-7fff616ff000 rw-p 00000000 00:00 0                          [stack]
7fff6176a000-7fff6176c000 r-xp 00000000 00:00 0                          [vdso]
ffffffffff600000-ffffffffff601000 r-xp 00000000 00:00 0                  [vsyscall]

VM Arguments:
jvm_args: -Xmx1024M -Dfile.encoding=UTF-8 -Duser.country=IN -Duser.language=en -Duser.variant 
java_command: com.android.dx.command.Main --dex --num-threads=4 --output /home/percept/rudrik/GRADLE/MyPlan/app/build/intermediates/dex/debug /home/percept/rudrik/GRADLE/MyPlan/app/build/intermediates/classes/debug /home/percept/rudrik/GRADLE/MyPlan/app/build/intermediates/pre-dexed/debug/support-annotations-23.4.0-dedf90be8f73905b78ddd9dd6e9b914e79a3f860.jar /home/percept/rudrik/GRADLE/MyPlan/app/build/intermediates/pre-dexed/debug/classes-73aa01e140d41b0c7e16a525603fc162a24fc414.jar /home/percept/rudrik/GRADLE/MyPlan/app/build/intermediates/pre-dexed/debug/classes-2eac7ee3f99cc939f38dbb9305829e866c6aeb99.jar /home/percept/rudrik/GRADLE/MyPlan/app/build/intermediates/pre-dexed/debug/classes-1aa73316abd6568d0a5b42d9741fba85fc19b366.jar /home/percept/rudrik/GRADLE/MyPlan/app/build/intermediates/pre-dexed/debug/classes-c60ac7cbb601a053dab7a1ee0c8e5bd7e2993242.jar /home/percept/rudrik/GRADLE/MyPlan/app/build/intermediates/pre-dexed/debug/httpmime-4.3.6-4e2a6bf24925f4acaafd327270cb027eff4faf41.jar /home/percept/rudrik/GRADLE/MyPlan/app/build/intermediates/pre-dexed/debug/classes-882007eed980cd249f00a29568fd86d3414475b9.jar /home/percept/rudrik/GRADLE/MyPlan/app/build/intermediates/pre-dexed/debug/classes-206c49b8c6b241d9aea7e4518dab0589703d9995.jar /home/percept/rudrik/GRADLE/MyPlan/app/build/intermediates/pre-dexed/debug/classes-e639aefb89c17a20c01ac0136a19c6d0ef5b298a.jar /home/percept/rudrik/GRADLE/MyPlan/app/build/intermediates/pre-dexed/debug/classes-dd91c07e045ce76b83d6f942131f2a721e08b1d1.jar /home/percept/rudrik/GRADLE/MyPlan/app/build/intermediates/pre-dexed/debug/classes-8e98e7a33c2c8c29e3fbbe79c81550c5e28ed344.jar /home/percept/rudrik/GRADLE/MyPlan/app/build/intermediates/pre-dexed/debug/classes-67d83daef56841a651039cf45a43d84c1cc6e88f.jar /home/percept/rudrik/GRADLE/MyPlan/app/build/intermediates/pre-dexed/debug/picasso-2.5.2-2164acb396d6a907da442ce46ba045901fd4f125.jar /home/percept/rudrik/GRADLE/MyPlan/app/build/intermediates/pre-dexed/debug/gson-2.2.4-9
java_class_path (initial): /home/percept/adt-bundle-linux-x86_64-20140702/sdk/build-tools/23.0.2/lib/dx.jar
Launcher Type: SUN_STANDARD

Environment Variables:
JAVA_HOME=/usr/lib/jvm/java-1.7.0-openjdk-amd64
PATH=/usr/lib/lightdm/lightdm:/usr/local/sbin:/usr/local/bin:/usr/sbin:/usr/bin:/sbin:/bin:/usr/games
LD_LIBRARY_PATH=/home/percept/adt-bundle-linux-x86_64-20140702/android-studio/bin:
SHELL=/bin/bash
DISPLAY=:0.0

Signal Handlers:
SIGSEGV: [libjvm.so+0x9d81a0], sa_mask[0]=11111111011111111101111111111110, sa_flags=SA_RESTART|SA_SIGINFO
SIGBUS: [libjvm.so+0x9d81a0], sa_mask[0]=11111111011111111101111111111110, sa_flags=SA_RESTART|SA_SIGINFO
SIGFPE: [libjvm.so+0x8422c0], sa_mask[0]=11111111011111111101111111111110, sa_flags=SA_RESTART|SA_SIGINFO
SIGPIPE: [libjvm.so+0x8422c0], sa_mask[0]=11111111011111111101111111111110, sa_flags=SA_RESTART|SA_SIGINFO
SIGXFSZ: [libjvm.so+0x8422c0], sa_mask[0]=11111111011111111101111111111110, sa_flags=SA_RESTART|SA_SIGINFO
SIGILL: [libjvm.so+0x8422c0], sa_mask[0]=11111111011111111101111111111110, sa_flags=SA_RESTART|SA_SIGINFO
SIGUSR1: SIG_DFL, sa_mask[0]=00000000000000000000000000000000, sa_flags=none
SIGUSR2: [libjvm.so+0x842550], sa_mask[0]=00100000000000000000000000000000, sa_flags=SA_RESTART|SA_SIGINFO
SIGHUP: [libjvm.so+0x842690], sa_mask[0]=11111111011111111101111111111110, sa_flags=SA_RESTART|SA_SIGINFO
SIGINT: [libjvm.so+0x842690], sa_mask[0]=11111111011111111101111111111110, sa_flags=SA_RESTART|SA_SIGINFO
SIGTERM: [libjvm.so+0x842690], sa_mask[0]=11111111011111111101111111111110, sa_flags=SA_RESTART|SA_SIGINFO
SIGQUIT: [libjvm.so+0x842690], sa_mask[0]=11111111011111111101111111111110, sa_flags=SA_RESTART|SA_SIGINFO


---------------  S Y S T E M  ---------------

OS:DISTRIB_ID=Ubuntu
DISTRIB_RELEASE=12.04
DISTRIB_CODENAME=precise
DISTRIB_DESCRIPTION="Ubuntu 12.04.5 LTS"

uname:Linux 3.13.0-43-generic #72~precise1-Ubuntu SMP Tue Dec 9 12:14:18 UTC 2014 x86_64
libc:glibc 2.15 NPTL 2.15 
rlimit: STACK 8192k, CORE 0k, NPROC 43022, NOFILE 4096, AS infinity
load average:1.59 1.04 1.07

/proc/meminfo:
MemTotal:        5593916 kB
MemFree:          303872 kB
Buffers:           37948 kB
Cached:           382984 kB
SwapCached:        68836 kB
Active:          3659264 kB
Inactive:        1144532 kB
Active(anon):    3414504 kB
Inactive(anon):  1003140 kB
Active(file):     244760 kB
Inactive(file):   141392 kB
Unevictable:          16 kB
Mlocked:              16 kB
SwapTotal:       3665916 kB
SwapFree:        3108440 kB
Dirty:             22548 kB
Writeback:             0 kB
AnonPages:       4319752 kB
Mapped:           142720 kB
Shmem:             34736 kB
Slab:             267136 kB
SReclaimable:     230404 kB
SUnreclaim:        36732 kB
KernelStack:        5928 kB
PageTables:        47844 kB
NFS_Unstable:          0 kB
Bounce:                0 kB
WritebackTmp:          0 kB
CommitLimit:     6462872 kB
Committed_AS:    8859512 kB
VmallocTotal:   34359738367 kB
VmallocUsed:      290840 kB
VmallocChunk:   34359439992 kB
HardwareCorrupted:     0 kB
AnonHugePages:   3158016 kB
HugePages_Total:       0
HugePages_Free:        0
HugePages_Rsvd:        0
HugePages_Surp:        0
Hugepagesize:       2048 kB
DirectMap4k:       75712 kB
DirectMap2M:     3592192 kB
DirectMap1G:     2097152 kB


CPU:total 2 (2 cores per cpu, 1 threads per core) family 16 model 6 stepping 3, cmov, cx8, fxsr, mmx, sse, sse2, sse3, popcnt, mmxext, 3dnowpref, lzcnt, sse4a, tsc, tscinvbit, tscinv

/proc/cpuinfo:
processor	: 0
vendor_id	: AuthenticAMD
cpu family	: 16
model		: 6
model name	: AMD Athlon(tm) II X2 270 Processor
stepping	: 3
microcode	: 0x10000c8
cpu MHz		: 2000.000
cache size	: 1024 KB
physical id	: 0
siblings	: 2
core id		: 0
cpu cores	: 2
apicid		: 0
initial apicid	: 0
fpu		: yes
fpu_exception	: yes
cpuid level	: 5
wp		: yes
flags		: fpu vme de pse tsc msr pae mce cx8 apic sep mtrr pge mca cmov pat pse36 clflush mmx fxsr sse sse2 ht syscall nx mmxext fxsr_opt pdpe1gb rdtscp lm 3dnowext 3dnow constant_tsc rep_good nopl nonstop_tsc extd_apicid pni monitor cx16 popcnt lahf_lm cmp_legacy svm extapic cr8_legacy abm sse4a misalignsse 3dnowprefetch osvw ibs skinit wdt hw_pstate npt lbrv svm_lock nrip_save
bogomips	: 6830.13
TLB size	: 1024 4K pages
clflush size	: 64
cache_alignment	: 64
address sizes	: 48 bits physical, 48 bits virtual
power management: ts ttp tm stc 100mhzsteps hwpstate

processor	: 1
vendor_id	: AuthenticAMD
cpu family	: 16
model		: 6
model name	: AMD Athlon(tm) II X2 270 Processor
stepping	: 3
microcode	: 0x10000c8
cpu MHz		: 3400.000
cache size	: 1024 KB
physical id	: 0
siblings	: 2
core id		: 1
cpu cores	: 2
apicid		: 1
initial apicid	: 1
fpu		: yes
fpu_exception	: yes
cpuid level	: 5
wp		: yes
flags		: fpu vme de pse tsc msr pae mce cx8 apic sep mtrr pge mca cmov pat pse36 clflush mmx fxsr sse sse2 ht syscall nx mmxext fxsr_opt pdpe1gb rdtscp lm 3dnowext 3dnow constant_tsc rep_good nopl nonstop_tsc extd_apicid pni monitor cx16 popcnt lahf_lm cmp_legacy svm extapic cr8_legacy abm sse4a misalignsse 3dnowprefetch osvw ibs skinit wdt hw_pstate npt lbrv svm_lock nrip_save
bogomips	: 6830.13
TLB size	: 1024 4K pages
clflush size	: 64
cache_alignment	: 64
address sizes	: 48 bits physical, 48 bits virtual
power management: ts ttp tm stc 100mhzsteps hwpstate



Memory: 4k page, physical 5593916k(303872k free), swap 3665916k(3108440k free)

vm_info: OpenJDK 64-Bit Server VM (25.91-b14) for linux-amd64 JRE (1.8.0_91-8u91-b14-0ubuntu4~12.04-b14), built on Apr 22 2016 12:30:09 by "buildd" with gcc 4.6.3

time: Tue Sep  6 16:50:33 2016
elapsed time: 2 seconds (0d 0h 0m 2s)

