#
# A fatal error has been detected by the Java Runtime Environment:
#
#  SIGSEGV (0xb) at pc=0x00007ff22806eb90, pid=6422, tid=140678135338752
#
# JRE version: OpenJDK Runtime Environment (8.0_91-b14) (build 1.8.0_91-8u91-b14-0ubuntu4~12.04-b14)
# Java VM: OpenJDK 64-Bit Server VM (25.91-b14 mixed mode linux-amd64 compressed oops)
# Problematic frame:
# C  0x00007ff22806eb90
#
# Failed to write core dump. Core dumps have been disabled. To enable core dumping, try "ulimit -c unlimited" before starting Java again
#
# If you would like to submit a bug report, please visit:
#   http://bugreport.java.com/bugreport/crash.jsp
#

---------------  T H R E A D  ---------------

Current thread (0x00007ff228021000):  GCTaskThread [stack: 0x00007ff22e38d000,0x00007ff22e48e000] [id=6430]

siginfo: si_signo: 11 (SIGSEGV), si_code: 2 (SEGV_ACCERR), si_addr: 0x00007ff22806eb90

Registers:
RAX=0x00007ff218cdaf10, RBX=0x00000000ed697680, RCX=0x0000000000000003, RDX=0x00000000ed697680
RSP=0x00007ff22e48c7e8, RBP=0x00007ff22e48c810, RSI=0x00007ff228070ec0, RDI=0x000000010007e720
R8 =0x00007ff2313b7a88, R9 =0x00007ff2313e6281, R10=0x0000000018800c10, R11=0x00007ff213dfe010
R12=0x0000000000000005, R13=0x00007ff228070ec0, R14=0x00007ff2313e6281, R15=0x0000000003100182
RIP=0x00007ff22806eb90, EFLAGS=0x0000000000010217, CSGSFS=0x0000000000000033, ERR=0x0000000000000015
  TRAPNO=0x000000000000000e

Top of Stack: (sp=0x00007ff22e48c7e8)
0x00007ff22e48c7e8:   00007ff230dec9d7 00000000ed697680
0x00007ff22e48c7f8:   0000000000000000 0000000000000005
0x00007ff22e48c808:   00007ff228070ec0 00007ff22e48c890
0x00007ff22e48c818:   00007ff230dedc88 010000012e48c880
0x00007ff22e48c828:   00007ff2313e5dc8 00007ff2313e6281
0x00007ff22e48c838:   00007ff2313b7a00 00000000f33a7898
0x00007ff22e48c848:   0000000000001000 00000000e5458798
0x00007ff22e48c858:   0000000000000400 00007ff22e48c8a0
0x00007ff22e48c868:   00007ff228070ec0 00000000f33a8d78
0x00007ff22e48c878:   00007ff2313c7990 0000000000000000
0x00007ff22e48c888:   00007ff228070f58 00007ff22e48c920
0x00007ff22e48c898:   00007ff230ded6f0 00007ff22e48c930
0x00007ff22e48c8a8:   00007ff228070f28 00007ff22e48c930
0x00007ff22e48c8b8:   00000001000742f0 00007ff22e48c920
0x00007ff22e48c8c8:   00007ff230b2bfc0 00007ff228022228
0x00007ff22e48c8d8:   000000000000002d 00007ff2313f0d50
0x00007ff22e48c8e8:   00000001000742f0 00007ff22801edc0
0x00007ff22e48c8f8:   00007ff22801af50 00007ff22e6e5483
0x00007ff22e48c908:   00007ff22e6e5501 00000000c0090608
0x00007ff22e48c918:   0000000000000240 00007ff22e48c9d0
0x00007ff22e48c928:   00007ff23090fc0c 00007ff22e48c990
0x00007ff22e48c938:   0000000000000100 00007ff22801af50
0x00007ff22e48c948:   0000000000000080 00000000c0090608
0x00007ff22e48c958:   00000000cc5b6098 00007ff22e6e5580
0x00007ff22e48c968:   00000000c00a0000 00007ff22e747db1
0x00007ff22e48c978:   00007ff22e6e5480 00007ff228070ec0
0x00007ff22e48c988:   00007ff22e6e5501 00007ff2313e6281
0x00007ff22e48c998:   00007ff22801ac90 0000000000000001
0x00007ff22e48c9a8:   00007ff228070ec0 00007ff228023770
0x00007ff22e48c9b8:   0000000000000000 00007ff228023770
0x00007ff22e48c9c8:   0000000000000001 00007ff22e48ca00
0x00007ff22e48c9d8:   00007ff230df0e93 00007ff200000002 

Instructions: (pc=0x00007ff22806eb90)
0x00007ff22806eb70:   d0 93 04 28 f2 7f 00 00 60 69 04 19 f2 7f 00 00
0x00007ff22806eb80:   ac 69 04 19 f2 7f 00 00 80 69 04 19 f2 7f 00 00
0x00007ff22806eb90:   00 00 00 bb 00 00 00 00 00 00 00 00 00 00 00 00
0x00007ff22806eba0:   50 69 02 28 f2 7f 00 00 a0 67 04 19 f2 7f 00 00 

Register to memory mapping:

RAX=0x00007ff218cdaf10 is pointing into metadata
RBX=0x00000000ed697680 is an oop

[error occurred during error reporting (printing register info), id 0xb]

Stack: [0x00007ff22e38d000,0x00007ff22e48e000],  sp=0x00007ff22e48c7e8,  free space=1021k
Native frames: (J=compiled Java code, j=interpreted, Vv=VM code, C=native code)
C  0x00007ff22806eb90
V  [libjvm.so+0x8acc88]
V  [libjvm.so+0x8ac6f0]
V  [libjvm.so+0x3cec0c]
V  [libjvm.so+0x8afe93]
V  [libjvm.so+0x578d39]
V  [libjvm.so+0x8447a2]


---------------  P R O C E S S  ---------------

Java Threads: ( => current thread )
  0x00007ff2280ae000 JavaThread "Service Thread" daemon [_thread_blocked, id=6437, stack(0x00007ff212f12000,0x00007ff213013000)]
  0x00007ff2280ab800 JavaThread "C1 CompilerThread1" daemon [_thread_blocked, id=6436, stack(0x00007ff213013000,0x00007ff213114000)]
  0x00007ff2280a9000 JavaThread "C2 CompilerThread0" daemon [_thread_in_native, id=6435, stack(0x00007ff213114000,0x00007ff213215000)]
  0x00007ff2280a7000 JavaThread "Signal Dispatcher" daemon [_thread_blocked, id=6434, stack(0x00007ff213215000,0x00007ff213316000)]
  0x00007ff22807f800 JavaThread "Finalizer" daemon [_thread_blocked, id=6433, stack(0x00007ff2139fa000,0x00007ff213afb000)]
  0x00007ff22807b000 JavaThread "Reference Handler" daemon [_thread_blocked, id=6432, stack(0x00007ff213afb000,0x00007ff213bfc000)]
  0x00007ff22800a000 JavaThread "main" [_thread_blocked, id=6428, stack(0x00007ff23210f000,0x00007ff232210000)]

Other Threads:
  0x00007ff228073800 VMThread [stack: 0x00007ff213bfc000,0x00007ff213cfd000] [id=6431]
  0x00007ff2280d5800 WatcherThread [stack: 0x00007ff212e11000,0x00007ff212f12000] [id=6438]

=>0x00007ff228021000 (exited) GCTaskThread [stack: 0x00007ff22e38d000,0x00007ff22e48e000] [id=6430]

VM state:at safepoint (normal execution)

VM Mutex/Monitor currently owned by a thread:  ([mutex/lock_event])
[0x00007ff2280067a0] Threads_lock - owner thread: 0x00007ff228073800
[0x00007ff228006ca0] Heap_lock - owner thread: 0x00007ff22800a000

Heap:
 PSYoungGen      total 200704K, used 198108K [0x00000000eab00000, 0x00000000fe680000, 0x0000000100000000)
  eden space 88064K, 100% used [0x00000000eab00000,0x00000000f0100000,0x00000000f0100000)
  from space 112640K, 97% used [0x00000000f7280000,0x00000000fddf71b8,0x00000000fe080000)
  to   space 116224K, 44% used [0x00000000f0100000,0x00000000f33af898,0x00000000f7280000)
 ParOldGen       total 699392K, used 610665K [0x00000000c0000000, 0x00000000eab00000, 0x00000000eab00000)
  object space 699392K, 87% used [0x00000000c0000000,0x00000000e545a798,0x00000000eab00000)
 Metaspace       used 5720K, capacity 6928K, committed 7040K, reserved 1056768K
  class space    used 524K, capacity 584K, committed 640K, reserved 1048576K

Card table byte_map: [0x00007ff22e6e5000,0x00007ff22e8e6000] byte_map_base: 0x00007ff22e0e5000

Marking Bits: (ParMarkBitMap*) 0x00007ff2313f0860
 Begin Bits: [0x00007ff22c38d000, 0x00007ff22d38d000)
 End Bits:   [0x00007ff22d38d000, 0x00007ff22e38d000)

Polling page: 0x00007ff232231000

CodeCache: size=245760Kb used=6804Kb max_used=6804Kb free=238955Kb
 bounds [0x00007ff219000000, 0x00007ff2196b0000, 0x00007ff228000000]
 total_blobs=2038 nmethods=1779 adapters=174
 compilation: enabled

Compilation events (10 events):
Event: 15.028 Thread 0x00007ff2280ab800 1903 %     3       java.util.Arrays::fill @ 5 (21 bytes)
Event: 15.029 Thread 0x00007ff2280ab800 nmethod 1903% 0x00007ff2196a4590 code [0x00007ff2196a4700, 0x00007ff2196a4950]
Event: 15.052 Thread 0x00007ff2280ab800 1904 %     3       com.android.dx.dex.code.OutputFinisher::findOpcodeForInsn @ 0 (51 bytes)
Event: 15.052 Thread 0x00007ff2280ab800 nmethod 1904% 0x00007ff2196a4ad0 code [0x00007ff2196a4ca0, 0x00007ff2196a54d8]
Event: 15.052 Thread 0x00007ff2280ab800 1905       3       com.android.dx.dex.code.OutputFinisher::findOpcodeForInsn (51 bytes)
Event: 15.053 Thread 0x00007ff2280ab800 nmethod 1905 0x00007ff2196a58d0 code [0x00007ff2196a5aa0, 0x00007ff2196a6278]
Event: 15.118 Thread 0x00007ff2280ab800 1906       2       com.android.dx.dex.code.form.Form21h::isCompatible (121 bytes)
Event: 15.118 Thread 0x00007ff2280ab800 nmethod 1906 0x00007ff2196a6610 code [0x00007ff2196a67e0, 0x00007ff2196a6c58]
Event: 15.133 Thread 0x00007ff2280ab800 1907       2       com.android.dx.dex.code.form.Form31i::isCompatible (66 bytes)
Event: 15.133 Thread 0x00007ff2280ab800 nmethod 1907 0x00007ff2196a7050 code [0x00007ff2196a71e0, 0x00007ff2196a7518]

GC Heap History (10 events):
Event: 7.218 GC heap after
Heap after GC invocations=9 (full 2):
 PSYoungGen      total 130048K, used 56817K [0x00000000eab00000, 0x00000000fa800000, 0x0000000100000000)
  eden space 73216K, 0% used [0x00000000eab00000,0x00000000eab00000,0x00000000ef280000)
  from space 56832K, 99% used [0x00000000ef280000,0x00000000f29fc628,0x00000000f2a00000)
  to   space 81920K, 0% used [0x00000000f5800000,0x00000000f5800000,0x00000000fa800000)
 ParOldGen       total 202752K, used 134062K [0x00000000c0000000, 0x00000000cc600000, 0x00000000eab00000)
  object space 202752K, 66% used [0x00000000c0000000,0x00000000c82ebab8,0x00000000cc600000)
 Metaspace       used 5342K, capacity 6608K, committed 6784K, reserved 1056768K
  class space    used 504K, capacity 584K, committed 640K, reserved 1048576K
}
Event: 7.928 GC heap before
{Heap before GC invocations=10 (full 2):
 PSYoungGen      total 130048K, used 130033K [0x00000000eab00000, 0x00000000fa800000, 0x0000000100000000)
  eden space 73216K, 100% used [0x00000000eab00000,0x00000000ef280000,0x00000000ef280000)
  from space 56832K, 99% used [0x00000000ef280000,0x00000000f29fc628,0x00000000f2a00000)
  to   space 81920K, 0% used [0x00000000f5800000,0x00000000f5800000,0x00000000fa800000)
 ParOldGen       total 202752K, used 134062K [0x00000000c0000000, 0x00000000cc600000, 0x00000000eab00000)
  object space 202752K, 66% used [0x00000000c0000000,0x00000000c82ebab8,0x00000000cc600000)
 Metaspace       used 5354K, capacity 6608K, committed 6784K, reserved 1056768K
  class space    used 504K, capacity 584K, committed 640K, reserved 1048576K
Event: 8.434 GC heap after
Heap after GC invocations=10 (full 2):
 PSYoungGen      total 154624K, used 81919K [0x00000000eab00000, 0x00000000fda00000, 0x0000000100000000)
  eden space 72704K, 0% used [0x00000000eab00000,0x00000000eab00000,0x00000000ef200000)
  from space 81920K, 99% used [0x00000000f5800000,0x00000000fa7fff58,0x00000000fa800000)
  to   space 104448K, 0% used [0x00000000ef200000,0x00000000ef200000,0x00000000f5800000)
 ParOldGen       total 202752K, used 151952K [0x00000000c0000000, 0x00000000cc600000, 0x00000000eab00000)
  object space 202752K, 74% used [0x00000000c0000000,0x00000000c9464030,0x00000000cc600000)
 Metaspace       used 5354K, capacity 6608K, committed 6784K, reserved 1056768K
  class space    used 504K, capacity 584K, committed 640K, reserved 1048576K
}
Event: 9.176 GC heap before
{Heap before GC invocations=11 (full 2):
 PSYoungGen      total 154624K, used 154623K [0x00000000eab00000, 0x00000000fda00000, 0x0000000100000000)
  eden space 72704K, 100% used [0x00000000eab00000,0x00000000ef200000,0x00000000ef200000)
  from space 81920K, 99% used [0x00000000f5800000,0x00000000fa7fff58,0x00000000fa800000)
  to   space 104448K, 0% used [0x00000000ef200000,0x00000000ef200000,0x00000000f5800000)
 ParOldGen       total 202752K, used 151952K [0x00000000c0000000, 0x00000000cc600000, 0x00000000eab00000)
  object space 202752K, 74% used [0x00000000c0000000,0x00000000c9464030,0x00000000cc600000)
 Metaspace       used 5372K, capacity 6672K, committed 6784K, reserved 1056768K
  class space    used 504K, capacity 584K, committed 640K, reserved 1048576K
Event: 9.605 GC heap after
Heap after GC invocations=11 (full 2):
 PSYoungGen      total 177152K, used 80644K [0x00000000eab00000, 0x00000000fe080000, 0x0000000100000000)
  eden space 72704K, 0% used [0x00000000eab00000,0x00000000eab00000,0x00000000ef200000)
  from space 104448K, 77% used [0x00000000ef200000,0x00000000f40c1008,0x00000000f5800000)
  to   space 112640K, 0% used [0x00000000f7280000,0x00000000f7280000,0x00000000fe080000)
 ParOldGen       total 202752K, used 194482K [0x00000000c0000000, 0x00000000cc600000, 0x00000000eab00000)
  object space 202752K, 95% used [0x00000000c0000000,0x00000000cbdec8a0,0x00000000cc600000)
 Metaspace       used 5372K, capacity 6672K, committed 6784K, reserved 1056768K
  class space    used 504K, capacity 584K, committed 640K, reserved 1048576K
}
Event: 9.605 GC heap before
{Heap before GC invocations=12 (full 3):
 PSYoungGen      total 177152K, used 80644K [0x00000000eab00000, 0x00000000fe080000, 0x0000000100000000)
  eden space 72704K, 0% used [0x00000000eab00000,0x00000000eab00000,0x00000000ef200000)
  from space 104448K, 77% used [0x00000000ef200000,0x00000000f40c1008,0x00000000f5800000)
  to   space 112640K, 0% used [0x00000000f7280000,0x00000000f7280000,0x00000000fe080000)
 ParOldGen       total 202752K, used 194482K [0x00000000c0000000, 0x00000000cc600000, 0x00000000eab00000)
  object space 202752K, 95% used [0x00000000c0000000,0x00000000cbdec8a0,0x00000000cc600000)
 Metaspace       used 5372K, capacity 6672K, committed 6784K, reserved 1056768K
  class space    used 504K, capacity 584K, committed 640K, reserved 1048576K
Event: 11.826 GC heap after
Heap after GC invocations=12 (full 3):
 PSYoungGen      total 177152K, used 68456K [0x00000000eab00000, 0x00000000fe080000, 0x0000000100000000)
  eden space 72704K, 0% used [0x00000000eab00000,0x00000000eab00000,0x00000000ef200000)
  from space 104448K, 65% used [0x00000000ef200000,0x00000000f34da288,0x00000000f5800000)
  to   space 112640K, 0% used [0x00000000f7280000,0x00000000f7280000,0x00000000fe080000)
 ParOldGen       total 334848K, used 202456K [0x00000000c0000000, 0x00000000d4700000, 0x00000000eab00000)
  object space 334848K, 60% used [0x00000000c0000000,0x00000000cc5b6098,0x00000000d4700000)
 Metaspace       used 5372K, capacity 6672K, committed 6784K, reserved 1056768K
  class space    used 504K, capacity 584K, committed 640K, reserved 1048576K
}
Event: 12.486 GC heap before
{Heap before GC invocations=13 (full 3):
 PSYoungGen      total 177152K, used 141160K [0x00000000eab00000, 0x00000000fe080000, 0x0000000100000000)
  eden space 72704K, 100% used [0x00000000eab00000,0x00000000ef200000,0x00000000ef200000)
  from space 104448K, 65% used [0x00000000ef200000,0x00000000f34da288,0x00000000f5800000)
  to   space 112640K, 0% used [0x00000000f7280000,0x00000000f7280000,0x00000000fe080000)
 ParOldGen       total 334848K, used 202456K [0x00000000c0000000, 0x00000000d4700000, 0x00000000eab00000)
  object space 334848K, 60% used [0x00000000c0000000,0x00000000cc5b6098,0x00000000d4700000)
 Metaspace       used 5380K, capacity 6672K, committed 6784K, reserved 1056768K
  class space    used 505K, capacity 584K, committed 640K, reserved 1048576K
Event: 13.030 GC heap after
Heap after GC invocations=13 (full 3):
 PSYoungGen      total 200704K, used 110044K [0x00000000eab00000, 0x00000000fe680000, 0x0000000100000000)
  eden space 88064K, 0% used [0x00000000eab00000,0x00000000eab00000,0x00000000f0100000)
  from space 112640K, 97% used [0x00000000f7280000,0x00000000fddf71b8,0x00000000fe080000)
  to   space 116224K, 0% used [0x00000000f0100000,0x00000000f0100000,0x00000000f7280000)
 ParOldGen       total 334848K, used 202456K [0x00000000c0000000, 0x00000000d4700000, 0x00000000eab00000)
  object space 334848K, 60% used [0x00000000c0000000,0x00000000cc5b6098,0x00000000d4700000)
 Metaspace       used 5380K, capacity 6672K, committed 6784K, reserved 1056768K
  class space    used 505K, capacity 584K, committed 640K, reserved 1048576K
}
Event: 15.202 GC heap before
{Heap before GC invocations=14 (full 3):
 PSYoungGen      total 200704K, used 198108K [0x00000000eab00000, 0x00000000fe680000, 0x0000000100000000)
  eden space 88064K, 100% used [0x00000000eab00000,0x00000000f0100000,0x00000000f0100000)
  from space 112640K, 97% used [0x00000000f7280000,0x00000000fddf71b8,0x00000000fe080000)
  to   space 116224K, 0% used [0x00000000f0100000,0x00000000f0100000,0x00000000f7280000)
 ParOldGen       total 334848K, used 202456K [0x00000000c0000000, 0x00000000d4700000, 0x00000000eab00000)
  object space 334848K, 60% used [0x00000000c0000000,0x00000000cc5b6098,0x00000000d4700000)
 Metaspace       used 5720K, capacity 6928K, committed 7040K, reserved 1056768K
  class space    used 524K, capacity 584K, committed 640K, reserved 1048576K

Deoptimization events (10 events):
Event: 13.111 Thread 0x00007ff228175800 Uncommon trap: reason=null_check action=make_not_entrant pc=0x00007ff2195adfc0 method=com.android.dx.cf.code.Ropper$CatchInfo.getSetup(Lcom/android/dx/rop/type/Type;)Lcom/android/dx/cf/code/Ropper$ExceptionHandlerSetup; @ 10
Event: 13.602 Thread 0x00007ff22800a000 Uncommon trap: reason=class_check action=maybe_recompile pc=0x00007ff21938de78 method=java.util.Arrays.hashCode([Ljava/lang/Object;)I @ 43
Event: 13.602 Thread 0x00007ff22800a000 Uncommon trap: reason=class_check action=maybe_recompile pc=0x00007ff21938de78 method=java.util.Arrays.hashCode([Ljava/lang/Object;)I @ 43
Event: 13.604 Thread 0x00007ff22800a000 Uncommon trap: reason=class_check action=maybe_recompile pc=0x00007ff21938de78 method=java.util.Arrays.hashCode([Ljava/lang/Object;)I @ 43
Event: 13.604 Thread 0x00007ff22800a000 Uncommon trap: reason=class_check action=maybe_recompile pc=0x00007ff21938de78 method=java.util.Arrays.hashCode([Ljava/lang/Object;)I @ 43
Event: 13.617 Thread 0x00007ff22800a000 Uncommon trap: reason=bimorphic action=maybe_recompile pc=0x00007ff21923d388 method=java.util.HashMap.getNode(ILjava/lang/Object;)Ljava/util/HashMap$Node; @ 126
Event: 13.618 Thread 0x00007ff22800a000 Uncommon trap: reason=bimorphic action=maybe_recompile pc=0x00007ff21923d388 method=java.util.HashMap.getNode(ILjava/lang/Object;)Ljava/util/HashMap$Node; @ 126
Event: 13.618 Thread 0x00007ff22800a000 Uncommon trap: reason=bimorphic action=maybe_recompile pc=0x00007ff21923d388 method=java.util.HashMap.getNode(ILjava/lang/Object;)Ljava/util/HashMap$Node; @ 126
Event: 13.620 Thread 0x00007ff22800a000 Uncommon trap: reason=bimorphic action=maybe_recompile pc=0x00007ff21923d388 method=java.util.HashMap.getNode(ILjava/lang/Object;)Ljava/util/HashMap$Node; @ 126
Event: 13.646 Thread 0x00007ff22800a000 Uncommon trap: reason=unstable_if action=reinterpret pc=0x00007ff21917a55c method=com.android.dx.rop.cst.Constant.compareTo(Lcom/android/dx/rop/cst/Constant;)I @ 12

Internal exceptions (9 events):
Event: 0.126 Thread 0x00007ff22800a000 Exception <a 'java/lang/NoSuchMethodError': Method sun.misc.Unsafe.defineClass(Ljava/lang/String;[BII)Ljava/lang/Class; name or signature does not match> (0x00000000eab07cc0) thrown at [/build/openjdk-8-VjXRMI/openjdk-8-8u91-b14/src/hotspot/src/share/vm/p
Event: 0.126 Thread 0x00007ff22800a000 Exception <a 'java/lang/NoSuchMethodError': Method sun.misc.Unsafe.prefetchRead(Ljava/lang/Object;J)V name or signature does not match> (0x00000000eab07fa8) thrown at [/build/openjdk-8-VjXRMI/openjdk-8-8u91-b14/src/hotspot/src/share/vm/prims/jni.cpp, line
Event: 0.164 Thread 0x00007ff22800a000 Exception <a 'java/util/zip/ZipException'> (0x00000000eab5a890) thrown at [/build/openjdk-8-VjXRMI/openjdk-8-8u91-b14/src/hotspot/src/share/vm/prims/jni.cpp, line 709]
Event: 0.164 Thread 0x00007ff22800a000 Exception <a 'java/security/PrivilegedActionException'> (0x00000000eab5ab30) thrown at [/build/openjdk-8-VjXRMI/openjdk-8-8u91-b14/src/hotspot/src/share/vm/prims/jvm.cpp, line 1386]
Event: 0.164 Thread 0x00007ff22800a000 Exception <a 'java/security/PrivilegedActionException'> (0x00000000eab5ad40) thrown at [/build/openjdk-8-VjXRMI/openjdk-8-8u91-b14/src/hotspot/src/share/vm/prims/jvm.cpp, line 1386]
Event: 0.901 Thread 0x00007ff228172000 Implicit null exception at 0x00007ff219282b83 to 0x00007ff219282d5d
Event: 1.317 Thread 0x00007ff228175800 Implicit null exception at 0x00007ff21937aab1 to 0x00007ff21937afb1
Event: 1.482 Thread 0x00007ff22816e800 Implicit null exception at 0x00007ff2192be7a2 to 0x00007ff2192be842
Event: 13.111 Thread 0x00007ff228175800 Implicit null exception at 0x00007ff2195a8410 to 0x00007ff2195adf8d

Events (10 events):
Event: 14.704 Thread 0x00007ff22800a000 DEOPT UNPACKING pc=0x00007ff219046f73 sp=0x00007ff23220ded8 mode 0
Event: 14.793 Thread 0x00007ff22800a000 DEOPT PACKING pc=0x00007ff21968ba00 sp=0x00007ff23220dfa0
Event: 14.793 Thread 0x00007ff22800a000 DEOPT UNPACKING pc=0x00007ff219046f73 sp=0x00007ff23220dd40 mode 0
Event: 14.952 Thread 0x00007ff22800a000 DEOPT PACKING pc=0x00007ff219368b18 sp=0x00007ff23220e100
Event: 14.952 Thread 0x00007ff22800a000 DEOPT UNPACKING pc=0x00007ff219046f73 sp=0x00007ff23220de38 mode 0
Event: 15.029 Thread 0x00007ff22800a000 DEOPT PACKING pc=0x00007ff21961cfa8 sp=0x00007ff23220e1b0
Event: 15.029 Thread 0x00007ff22800a000 DEOPT UNPACKING pc=0x00007ff219046f73 sp=0x00007ff23220deb8 mode 0
Event: 15.053 Thread 0x00007ff22800a000 DEOPT PACKING pc=0x00007ff219616b14 sp=0x00007ff23220e130
Event: 15.053 Thread 0x00007ff22800a000 DEOPT UNPACKING pc=0x00007ff219046f73 sp=0x00007ff23220deb8 mode 0
Event: 15.202 Executing VM operation: ParallelGCFailedAllocation


Dynamic libraries:
00400000-00401000 r-xp 00000000 08:01 2126324                            /usr/lib/jvm/java-8-openjdk-amd64/jre/bin/java
00600000-00601000 r--p 00000000 08:01 2126324                            /usr/lib/jvm/java-8-openjdk-amd64/jre/bin/java
00601000-00602000 rw-p 00001000 08:01 2126324                            /usr/lib/jvm/java-8-openjdk-amd64/jre/bin/java
00ed4000-00ef5000 rw-p 00000000 00:00 0                                  [heap]
c0000000-eab00000 rw-p 00000000 00:00 0 
eab00000-fe680000 rw-p 00000000 00:00 0 
fe680000-100000000 ---p 00000000 00:00 0 
100000000-1000a0000 rw-p 00000000 00:00 0 
1000a0000-140000000 ---p 00000000 00:00 0 
7ff1dc000000-7ff1dc02d000 rw-p 00000000 00:00 0 
7ff1dc02d000-7ff1e0000000 ---p 00000000 00:00 0 
7ff1e0000000-7ff1e0021000 rw-p 00000000 00:00 0 
7ff1e0021000-7ff1e4000000 ---p 00000000 00:00 0 
7ff1e4000000-7ff1e4031000 rw-p 00000000 00:00 0 
7ff1e4031000-7ff1e8000000 ---p 00000000 00:00 0 
7ff1e8000000-7ff1e8021000 rw-p 00000000 00:00 0 
7ff1e8021000-7ff1ec000000 ---p 00000000 00:00 0 
7ff1ec000000-7ff1ec021000 rw-p 00000000 00:00 0 
7ff1ec021000-7ff1f0000000 ---p 00000000 00:00 0 
7ff1f0000000-7ff1f0021000 rw-p 00000000 00:00 0 
7ff1f0021000-7ff1f4000000 ---p 00000000 00:00 0 
7ff1f4000000-7ff1f5672000 rw-p 00000000 00:00 0 
7ff1f5672000-7ff1f8000000 ---p 00000000 00:00 0 
7ff1f8000000-7ff1f876a000 rw-p 00000000 00:00 0 
7ff1f876a000-7ff1fc000000 ---p 00000000 00:00 0 
7ff1fc000000-7ff1fc021000 rw-p 00000000 00:00 0 
7ff1fc021000-7ff200000000 ---p 00000000 00:00 0 
7ff200000000-7ff200021000 rw-p 00000000 00:00 0 
7ff200021000-7ff204000000 ---p 00000000 00:00 0 
7ff204000000-7ff204021000 rw-p 00000000 00:00 0 
7ff204021000-7ff208000000 ---p 00000000 00:00 0 
7ff208000000-7ff208021000 rw-p 00000000 00:00 0 
7ff208021000-7ff20c000000 ---p 00000000 00:00 0 
7ff20c000000-7ff20c021000 rw-p 00000000 00:00 0 
7ff20c021000-7ff210000000 ---p 00000000 00:00 0 
7ff21290c000-7ff21290f000 ---p 00000000 00:00 0 
7ff21290f000-7ff212a0d000 rw-p 00000000 00:00 0 
7ff212a0d000-7ff212a10000 ---p 00000000 00:00 0 
7ff212a10000-7ff212b0e000 rw-p 00000000 00:00 0 
7ff212b0e000-7ff212b11000 ---p 00000000 00:00 0 
7ff212b11000-7ff212c0f000 rw-p 00000000 00:00 0 
7ff212c0f000-7ff212c12000 ---p 00000000 00:00 0 
7ff212c12000-7ff212d10000 rw-p 00000000 00:00 0 
7ff212d10000-7ff212d13000 ---p 00000000 00:00 0 
7ff212d13000-7ff212e11000 rw-p 00000000 00:00 0 
7ff212e11000-7ff212e12000 ---p 00000000 00:00 0 
7ff212e12000-7ff212f12000 rw-p 00000000 00:00 0                          [stack:6438]
7ff212f12000-7ff212f15000 ---p 00000000 00:00 0 
7ff212f15000-7ff213013000 rw-p 00000000 00:00 0                          [stack:6437]
7ff213013000-7ff213016000 ---p 00000000 00:00 0 
7ff213016000-7ff213114000 rw-p 00000000 00:00 0                          [stack:6436]
7ff213114000-7ff213117000 ---p 00000000 00:00 0 
7ff213117000-7ff213215000 rw-p 00000000 00:00 0                          [stack:6435]
7ff213215000-7ff213218000 ---p 00000000 00:00 0 
7ff213218000-7ff213316000 rw-p 00000000 00:00 0                          [stack:6434]
7ff213316000-7ff2139fa000 r--p 00000000 08:01 4331986                    /usr/lib/locale/locale-archive
7ff2139fa000-7ff2139fd000 ---p 00000000 00:00 0 
7ff2139fd000-7ff213afb000 rw-p 00000000 00:00 0                          [stack:6433]
7ff213afb000-7ff213afe000 ---p 00000000 00:00 0 
7ff213afe000-7ff213bfc000 rw-p 00000000 00:00 0                          [stack:6432]
7ff213bfc000-7ff213bfd000 ---p 00000000 00:00 0 
7ff213bfd000-7ff214000000 rw-p 00000000 00:00 0                          [stack:6431]
7ff214000000-7ff214021000 rw-p 00000000 00:00 0 
7ff214021000-7ff218000000 ---p 00000000 00:00 0 
7ff21802d000-7ff218633000 rw-p 00000000 00:00 0 
7ff218633000-7ff218800000 r--s 03be7000 08:01 1191940                    /usr/lib/jvm/java-8-openjdk-amd64/jre/lib/rt.jar
7ff218800000-7ff218e40000 rw-p 00000000 00:00 0 
7ff218e40000-7ff219000000 ---p 00000000 00:00 0 
7ff219000000-7ff2196b0000 rwxp 00000000 00:00 0 
7ff2196b0000-7ff228000000 ---p 00000000 00:00 0 
7ff228000000-7ff2281f7000 rw-p 00000000 00:00 0 
7ff2281f7000-7ff22c000000 ---p 00000000 00:00 0 
7ff22c059000-7ff22c068000 r--s 000df000 08:01 3972689                    /home/percept/adt-bundle-linux-x86_64-20140702/sdk/build-tools/23.0.2/lib/dx.jar
7ff22c068000-7ff22c072000 r--s 00116000 08:01 2378359                    /usr/lib/jvm/java-8-openjdk-amd64/jre/lib/ext/localedata.jar
7ff22c072000-7ff22c08d000 r--s 001d7000 08:01 2378351                    /usr/lib/jvm/java-8-openjdk-amd64/jre/lib/ext/nashorn.jar
7ff22c08d000-7ff22c0a9000 r--s 00393000 08:01 2378353                    /usr/lib/jvm/java-8-openjdk-amd64/jre/lib/ext/cldrdata.jar
7ff22c0a9000-7ff22e38d000 rw-p 00000000 00:00 0 
7ff22e38d000-7ff22e38e000 ---p 00000000 00:00 0 
7ff22e38e000-7ff22e48e000 rw-p 00000000 00:00 0                          [stack:6430]
7ff22e48e000-7ff22e48f000 ---p 00000000 00:00 0 
7ff22e48f000-7ff22e6e5000 rw-p 00000000 00:00 0                          [stack:6429]
7ff22e6e5000-7ff22e83a000 rw-p 00000000 00:00 0 
7ff22e83a000-7ff22e8d9000 rw-p 00000000 00:00 0 
7ff22e8d9000-7ff22e8e5000 ---p 00000000 00:00 0 
7ff22e8e5000-7ff22e901000 rw-p 00000000 00:00 0 
7ff22e901000-7ff22eca6000 ---p 00000000 00:00 0 
7ff22eca6000-7ff22ecae000 r-xp 00000000 08:01 1191907                    /usr/lib/jvm/java-8-openjdk-amd64/jre/lib/amd64/libzip.so
7ff22ecae000-7ff22eead000 ---p 00008000 08:01 1191907                    /usr/lib/jvm/java-8-openjdk-amd64/jre/lib/amd64/libzip.so
7ff22eead000-7ff22eeae000 r--p 00007000 08:01 1191907                    /usr/lib/jvm/java-8-openjdk-amd64/jre/lib/amd64/libzip.so
7ff22eeae000-7ff22eeaf000 rw-p 00008000 08:01 1191907                    /usr/lib/jvm/java-8-openjdk-amd64/jre/lib/amd64/libzip.so
7ff22eeaf000-7ff22eebb000 r-xp 00000000 08:01 3426083                    /lib/x86_64-linux-gnu/libnss_files-2.15.so
7ff22eebb000-7ff22f0ba000 ---p 0000c000 08:01 3426083                    /lib/x86_64-linux-gnu/libnss_files-2.15.so
7ff22f0ba000-7ff22f0bb000 r--p 0000b000 08:01 3426083                    /lib/x86_64-linux-gnu/libnss_files-2.15.so
7ff22f0bb000-7ff22f0bc000 rw-p 0000c000 08:01 3426083                    /lib/x86_64-linux-gnu/libnss_files-2.15.so
7ff22f0bc000-7ff22f0c6000 r-xp 00000000 08:01 3424923                    /lib/x86_64-linux-gnu/libnss_nis-2.15.so
7ff22f0c6000-7ff22f2c6000 ---p 0000a000 08:01 3424923                    /lib/x86_64-linux-gnu/libnss_nis-2.15.so
7ff22f2c6000-7ff22f2c7000 r--p 0000a000 08:01 3424923                    /lib/x86_64-linux-gnu/libnss_nis-2.15.so
7ff22f2c7000-7ff22f2c8000 rw-p 0000b000 08:01 3424923                    /lib/x86_64-linux-gnu/libnss_nis-2.15.so
7ff22f2c8000-7ff22f2df000 r-xp 00000000 08:01 3426077                    /lib/x86_64-linux-gnu/libnsl-2.15.so
7ff22f2df000-7ff22f4de000 ---p 00017000 08:01 3426077                    /lib/x86_64-linux-gnu/libnsl-2.15.so
7ff22f4de000-7ff22f4df000 r--p 00016000 08:01 3426077                    /lib/x86_64-linux-gnu/libnsl-2.15.so
7ff22f4df000-7ff22f4e0000 rw-p 00017000 08:01 3426077                    /lib/x86_64-linux-gnu/libnsl-2.15.so
7ff22f4e0000-7ff22f4e2000 rw-p 00000000 00:00 0 
7ff22f4e2000-7ff22f4ea000 r-xp 00000000 08:01 3426082                    /lib/x86_64-linux-gnu/libnss_compat-2.15.so
7ff22f4ea000-7ff22f6e9000 ---p 00008000 08:01 3426082                    /lib/x86_64-linux-gnu/libnss_compat-2.15.so
7ff22f6e9000-7ff22f6ea000 r--p 00007000 08:01 3426082                    /lib/x86_64-linux-gnu/libnss_compat-2.15.so
7ff22f6ea000-7ff22f6eb000 rw-p 00008000 08:01 3426082                    /lib/x86_64-linux-gnu/libnss_compat-2.15.so
7ff22f6eb000-7ff22f715000 r-xp 00000000 08:01 1191893                    /usr/lib/jvm/java-8-openjdk-amd64/jre/lib/amd64/libjava.so
7ff22f715000-7ff22f914000 ---p 0002a000 08:01 1191893                    /usr/lib/jvm/java-8-openjdk-amd64/jre/lib/amd64/libjava.so
7ff22f914000-7ff22f915000 r--p 00029000 08:01 1191893                    /usr/lib/jvm/java-8-openjdk-amd64/jre/lib/amd64/libjava.so
7ff22f915000-7ff22f917000 rw-p 0002a000 08:01 1191893                    /usr/lib/jvm/java-8-openjdk-amd64/jre/lib/amd64/libjava.so
7ff22f917000-7ff22f925000 r-xp 00000000 08:01 1191894                    /usr/lib/jvm/java-8-openjdk-amd64/jre/lib/amd64/libverify.so
7ff22f925000-7ff22fb24000 ---p 0000e000 08:01 1191894                    /usr/lib/jvm/java-8-openjdk-amd64/jre/lib/amd64/libverify.so
7ff22fb24000-7ff22fb26000 r--p 0000d000 08:01 1191894                    /usr/lib/jvm/java-8-openjdk-amd64/jre/lib/amd64/libverify.so
7ff22fb26000-7ff22fb27000 rw-p 0000f000 08:01 1191894                    /usr/lib/jvm/java-8-openjdk-amd64/jre/lib/amd64/libverify.so
7ff22fb27000-7ff22fb2e000 r-xp 00000000 08:01 3424987                    /lib/x86_64-linux-gnu/librt-2.15.so
7ff22fb2e000-7ff22fd2d000 ---p 00007000 08:01 3424987                    /lib/x86_64-linux-gnu/librt-2.15.so
7ff22fd2d000-7ff22fd2e000 r--p 00006000 08:01 3424987                    /lib/x86_64-linux-gnu/librt-2.15.so
7ff22fd2e000-7ff22fd2f000 rw-p 00007000 08:01 3424987                    /lib/x86_64-linux-gnu/librt-2.15.so
7ff22fd2f000-7ff22fd44000 r-xp 00000000 08:01 3411528                    /lib/x86_64-linux-gnu/libgcc_s.so.1
7ff22fd44000-7ff22ff43000 ---p 00015000 08:01 3411528                    /lib/x86_64-linux-gnu/libgcc_s.so.1
7ff22ff43000-7ff22ff44000 r--p 00014000 08:01 3411528                    /lib/x86_64-linux-gnu/libgcc_s.so.1
7ff22ff44000-7ff22ff45000 rw-p 00015000 08:01 3411528                    /lib/x86_64-linux-gnu/libgcc_s.so.1
7ff22ff45000-7ff230040000 r-xp 00000000 08:01 3426084                    /lib/x86_64-linux-gnu/libm-2.15.so
7ff230040000-7ff23023f000 ---p 000fb000 08:01 3426084                    /lib/x86_64-linux-gnu/libm-2.15.so
7ff23023f000-7ff230240000 r--p 000fa000 08:01 3426084                    /lib/x86_64-linux-gnu/libm-2.15.so
7ff230240000-7ff230241000 rw-p 000fb000 08:01 3426084                    /lib/x86_64-linux-gnu/libm-2.15.so
7ff230241000-7ff230323000 r-xp 00000000 08:01 4333218                    /usr/lib/x86_64-linux-gnu/libstdc++.so.6.0.16
7ff230323000-7ff230522000 ---p 000e2000 08:01 4333218                    /usr/lib/x86_64-linux-gnu/libstdc++.so.6.0.16
7ff230522000-7ff23052a000 r--p 000e1000 08:01 4333218                    /usr/lib/x86_64-linux-gnu/libstdc++.so.6.0.16
7ff23052a000-7ff23052c000 rw-p 000e9000 08:01 4333218                    /usr/lib/x86_64-linux-gnu/libstdc++.so.6.0.16
7ff23052c000-7ff230541000 rw-p 00000000 00:00 0 
7ff230541000-7ff23110f000 r-xp 00000000 08:01 1191905                    /usr/lib/jvm/java-8-openjdk-amd64/jre/lib/amd64/server/libjvm.so
7ff23110f000-7ff23130e000 ---p 00bce000 08:01 1191905                    /usr/lib/jvm/java-8-openjdk-amd64/jre/lib/amd64/server/libjvm.so
7ff23130e000-7ff2313b3000 r--p 00bcd000 08:01 1191905                    /usr/lib/jvm/java-8-openjdk-amd64/jre/lib/amd64/server/libjvm.so
7ff2313b3000-7ff2313db000 rw-p 00c72000 08:01 1191905                    /usr/lib/jvm/java-8-openjdk-amd64/jre/lib/amd64/server/libjvm.so
7ff2313db000-7ff23140d000 rw-p 00000000 00:00 0 
7ff23140d000-7ff231425000 r-xp 00000000 08:01 3426078                    /lib/x86_64-linux-gnu/libpthread-2.15.so
7ff231425000-7ff231624000 ---p 00018000 08:01 3426078                    /lib/x86_64-linux-gnu/libpthread-2.15.so
7ff231624000-7ff231625000 r--p 00017000 08:01 3426078                    /lib/x86_64-linux-gnu/libpthread-2.15.so
7ff231625000-7ff231626000 rw-p 00018000 08:01 3426078                    /lib/x86_64-linux-gnu/libpthread-2.15.so
7ff231626000-7ff23162a000 rw-p 00000000 00:00 0 
7ff23162a000-7ff23162c000 r-xp 00000000 08:01 3424922                    /lib/x86_64-linux-gnu/libdl-2.15.so
7ff23162c000-7ff23182c000 ---p 00002000 08:01 3424922                    /lib/x86_64-linux-gnu/libdl-2.15.so
7ff23182c000-7ff23182d000 r--p 00002000 08:01 3424922                    /lib/x86_64-linux-gnu/libdl-2.15.so
7ff23182d000-7ff23182e000 rw-p 00003000 08:01 3424922                    /lib/x86_64-linux-gnu/libdl-2.15.so
7ff23182e000-7ff231844000 r-xp 00000000 08:01 3411618                    /lib/x86_64-linux-gnu/libz.so.1.2.3.4
7ff231844000-7ff231a43000 ---p 00016000 08:01 3411618                    /lib/x86_64-linux-gnu/libz.so.1.2.3.4
7ff231a43000-7ff231a44000 r--p 00015000 08:01 3411618                    /lib/x86_64-linux-gnu/libz.so.1.2.3.4
7ff231a44000-7ff231a45000 rw-p 00016000 08:01 3411618                    /lib/x86_64-linux-gnu/libz.so.1.2.3.4
7ff231a45000-7ff231bf9000 r-xp 00000000 08:01 3426075                    /lib/x86_64-linux-gnu/libc-2.15.so
7ff231bf9000-7ff231df8000 ---p 001b4000 08:01 3426075                    /lib/x86_64-linux-gnu/libc-2.15.so
7ff231df8000-7ff231dfc000 r--p 001b3000 08:01 3426075                    /lib/x86_64-linux-gnu/libc-2.15.so
7ff231dfc000-7ff231dfe000 rw-p 001b7000 08:01 3426075                    /lib/x86_64-linux-gnu/libc-2.15.so
7ff231dfe000-7ff231e03000 rw-p 00000000 00:00 0 
7ff231e03000-7ff231e10000 r-xp 00000000 08:01 1191924                    /usr/lib/jvm/java-8-openjdk-amd64/jre/lib/amd64/jli/libjli.so
7ff231e10000-7ff232010000 ---p 0000d000 08:01 1191924                    /usr/lib/jvm/java-8-openjdk-amd64/jre/lib/amd64/jli/libjli.so
7ff232010000-7ff232011000 r--p 0000d000 08:01 1191924                    /usr/lib/jvm/java-8-openjdk-amd64/jre/lib/amd64/jli/libjli.so
7ff232011000-7ff232012000 rw-p 0000e000 08:01 1191924                    /usr/lib/jvm/java-8-openjdk-amd64/jre/lib/amd64/jli/libjli.so
7ff232012000-7ff232034000 r-xp 00000000 08:01 3426081                    /lib/x86_64-linux-gnu/ld-2.15.so
7ff232035000-7ff23210f000 rw-p 00000000 00:00 0 
7ff23210f000-7ff232112000 ---p 00000000 00:00 0 
7ff232112000-7ff232215000 rw-p 00000000 00:00 0                          [stack:6428]
7ff232215000-7ff232216000 r--s 00007000 08:01 4615355                    /usr/share/java/java-atk-wrapper.jar
7ff232216000-7ff232217000 r--s 00010000 08:01 2378356                    /usr/lib/jvm/java-8-openjdk-amd64/jre/lib/ext/zipfs.jar
7ff232217000-7ff232219000 r--s 00001000 08:01 2378352                    /usr/lib/jvm/java-8-openjdk-amd64/jre/lib/ext/dnsns.jar
7ff232219000-7ff23221c000 r--s 0000f000 08:01 2378358                    /usr/lib/jvm/java-8-openjdk-amd64/jre/lib/ext/icedtea-sound.jar
7ff23221c000-7ff23221d000 r--s 0000a000 08:01 2378355                    /usr/lib/jvm/java-8-openjdk-amd64/jre/lib/ext/jaccess.jar
7ff23221d000-7ff232223000 r--s 0003a000 08:01 2378357                    /usr/lib/jvm/java-8-openjdk-amd64/jre/lib/ext/sunjce_provider.jar
7ff232223000-7ff232224000 r--s 00008000 08:01 2378354                    /usr/lib/jvm/java-8-openjdk-amd64/jre/lib/ext/sunec.jar
7ff232224000-7ff232228000 r--s 00037000 08:01 2378360                    /usr/lib/jvm/java-8-openjdk-amd64/jre/lib/ext/sunpkcs11.jar
7ff232228000-7ff232230000 rw-s 00000000 08:01 2248016                    /tmp/hsperfdata_percept/6422
7ff232230000-7ff232231000 rw-p 00000000 00:00 0 
7ff232231000-7ff232232000 ---p 00000000 00:00 0 
7ff232232000-7ff232234000 rw-p 00000000 00:00 0 
7ff232234000-7ff232235000 r--p 00022000 08:01 3426081                    /lib/x86_64-linux-gnu/ld-2.15.so
7ff232235000-7ff232237000 rw-p 00023000 08:01 3426081                    /lib/x86_64-linux-gnu/ld-2.15.so
7fff5fd55000-7fff5fd76000 rw-p 00000000 00:00 0                          [stack]
7fff5fdfe000-7fff5fe00000 r-xp 00000000 00:00 0                          [vdso]
ffffffffff600000-ffffffffff601000 r-xp 00000000 00:00 0                  [vsyscall]

VM Arguments:
jvm_args: -Djava.awt.headless=true -Xmx1024M -Dfile.encoding=UTF-8 -Duser.country=IN -Duser.language=en -Duser.variant 
java_command: com.android.dx.command.Main --dex --force-jumbo --no-optimize --num-threads=4 --output /home/percept/rudrik/GRADLE/MyPlan/app/build/intermediates/pre-dexed/debug/main_6cf985a4088b2b94fe8233e197d2a32c9fb6790f.jar /home/percept/rudrik/GRADLE/MyPlan/app/build/intermediates/transforms/instantRun/debug/folders/1/5/main
java_class_path (initial): /home/percept/adt-bundle-linux-x86_64-20140702/sdk/build-tools/23.0.2/lib/dx.jar
Launcher Type: SUN_STANDARD

Environment Variables:
JAVA_HOME=/usr/lib/jvm/java-1.7.0-openjdk-amd64
PATH=/usr/lib/lightdm/lightdm:/usr/local/sbin:/usr/local/bin:/usr/sbin:/usr/bin:/sbin:/bin:/usr/games
LD_LIBRARY_PATH=/home/percept/adt-bundle-linux-x86_64-20140702/android-studio/bin:
SHELL=/bin/bash
DISPLAY=:0.0

Signal Handlers:
SIGSEGV: [libjvm.so+0x9d81a0], sa_mask[0]=11111111011111111101111111111110, sa_flags=SA_RESTART|SA_SIGINFO
SIGBUS: [libjvm.so+0x9d81a0], sa_mask[0]=11111111011111111101111111111110, sa_flags=SA_RESTART|SA_SIGINFO
SIGFPE: [libjvm.so+0x8422c0], sa_mask[0]=11111111011111111101111111111110, sa_flags=SA_RESTART|SA_SIGINFO
SIGPIPE: [libjvm.so+0x8422c0], sa_mask[0]=11111111011111111101111111111110, sa_flags=SA_RESTART|SA_SIGINFO
SIGXFSZ: [libjvm.so+0x8422c0], sa_mask[0]=11111111011111111101111111111110, sa_flags=SA_RESTART|SA_SIGINFO
SIGILL: [libjvm.so+0x8422c0], sa_mask[0]=11111111011111111101111111111110, sa_flags=SA_RESTART|SA_SIGINFO
SIGUSR1: SIG_DFL, sa_mask[0]=00000000000000000000000000000000, sa_flags=none
SIGUSR2: [libjvm.so+0x842550], sa_mask[0]=00100000000000000000000000000000, sa_flags=SA_RESTART|SA_SIGINFO
SIGHUP: [libjvm.so+0x842690], sa_mask[0]=11111111011111111101111111111110, sa_flags=SA_RESTART|SA_SIGINFO
SIGINT: [libjvm.so+0x842690], sa_mask[0]=11111111011111111101111111111110, sa_flags=SA_RESTART|SA_SIGINFO
SIGTERM: [libjvm.so+0x842690], sa_mask[0]=11111111011111111101111111111110, sa_flags=SA_RESTART|SA_SIGINFO
SIGQUIT: [libjvm.so+0x842690], sa_mask[0]=11111111011111111101111111111110, sa_flags=SA_RESTART|SA_SIGINFO


---------------  S Y S T E M  ---------------

OS:DISTRIB_ID=Ubuntu
DISTRIB_RELEASE=12.04
DISTRIB_CODENAME=precise
DISTRIB_DESCRIPTION="Ubuntu 12.04.5 LTS"

uname:Linux 3.13.0-43-generic #72~precise1-Ubuntu SMP Tue Dec 9 12:14:18 UTC 2014 x86_64
libc:glibc 2.15 NPTL 2.15 
rlimit: STACK 8192k, CORE 0k, NPROC 43022, NOFILE 4096, AS infinity
load average:2.29 1.58 1.63

/proc/meminfo:
MemTotal:        5593916 kB
MemFree:          148580 kB
Buffers:            8996 kB
Cached:           138096 kB
SwapCached:        23344 kB
Active:          3788340 kB
Inactive:        1120808 kB
Active(anon):    3727332 kB
Inactive(anon):  1060004 kB
Active(file):      61008 kB
Inactive(file):    60804 kB
Unevictable:          16 kB
Mlocked:              16 kB
SwapTotal:       3665916 kB
SwapFree:        3624856 kB
Dirty:              1452 kB
Writeback:         22080 kB
AnonPages:       4738792 kB
Mapped:            81088 kB
Shmem:             25228 kB
Slab:             378908 kB
SReclaimable:     340840 kB
SUnreclaim:        38068 kB
KernelStack:        6392 kB
PageTables:        49688 kB
NFS_Unstable:          0 kB
Bounce:                0 kB
WritebackTmp:          0 kB
CommitLimit:     6462872 kB
Committed_AS:    9773948 kB
VmallocTotal:   34359738367 kB
VmallocUsed:      290464 kB
VmallocChunk:   34359441568 kB
HardwareCorrupted:     0 kB
AnonHugePages:   2029568 kB
HugePages_Total:       0
HugePages_Free:        0
HugePages_Rsvd:        0
HugePages_Surp:        0
Hugepagesize:       2048 kB
DirectMap4k:       65472 kB
DirectMap2M:     2553856 kB
DirectMap1G:     3145728 kB


CPU:total 2 (2 cores per cpu, 1 threads per core) family 16 model 6 stepping 3, cmov, cx8, fxsr, mmx, sse, sse2, sse3, popcnt, mmxext, 3dnowpref, lzcnt, sse4a, tsc, tscinvbit, tscinv

/proc/cpuinfo:
processor	: 0
vendor_id	: AuthenticAMD
cpu family	: 16
model		: 6
model name	: AMD Athlon(tm) II X2 270 Processor
stepping	: 3
microcode	: 0x10000c8
cpu MHz		: 3400.000
cache size	: 1024 KB
physical id	: 0
siblings	: 2
core id		: 0
cpu cores	: 2
apicid		: 0
initial apicid	: 0
fpu		: yes
fpu_exception	: yes
cpuid level	: 5
wp		: yes
flags		: fpu vme de pse tsc msr pae mce cx8 apic sep mtrr pge mca cmov pat pse36 clflush mmx fxsr sse sse2 ht syscall nx mmxext fxsr_opt pdpe1gb rdtscp lm 3dnowext 3dnow constant_tsc rep_good nopl nonstop_tsc extd_apicid pni monitor cx16 popcnt lahf_lm cmp_legacy svm extapic cr8_legacy abm sse4a misalignsse 3dnowprefetch osvw ibs skinit wdt hw_pstate npt lbrv svm_lock nrip_save
bogomips	: 6830.36
TLB size	: 1024 4K pages
clflush size	: 64
cache_alignment	: 64
address sizes	: 48 bits physical, 48 bits virtual
power management: ts ttp tm stc 100mhzsteps hwpstate

processor	: 1
vendor_id	: AuthenticAMD
cpu family	: 16
model		: 6
model name	: AMD Athlon(tm) II X2 270 Processor
stepping	: 3
microcode	: 0x10000c8
cpu MHz		: 3400.000
cache size	: 1024 KB
physical id	: 0
siblings	: 2
core id		: 1
cpu cores	: 2
apicid		: 1
initial apicid	: 1
fpu		: yes
fpu_exception	: yes
cpuid level	: 5
wp		: yes
flags		: fpu vme de pse tsc msr pae mce cx8 apic sep mtrr pge mca cmov pat pse36 clflush mmx fxsr sse sse2 ht syscall nx mmxext fxsr_opt pdpe1gb rdtscp lm 3dnowext 3dnow constant_tsc rep_good nopl nonstop_tsc extd_apicid pni monitor cx16 popcnt lahf_lm cmp_legacy svm extapic cr8_legacy abm sse4a misalignsse 3dnowprefetch osvw ibs skinit wdt hw_pstate npt lbrv svm_lock nrip_save
bogomips	: 6830.36
TLB size	: 1024 4K pages
clflush size	: 64
cache_alignment	: 64
address sizes	: 48 bits physical, 48 bits virtual
power management: ts ttp tm stc 100mhzsteps hwpstate



Memory: 4k page, physical 5593916k(148580k free), swap 3665916k(3624856k free)

vm_info: OpenJDK 64-Bit Server VM (25.91-b14) for linux-amd64 JRE (1.8.0_91-8u91-b14-0ubuntu4~12.04-b14), built on Apr 22 2016 12:30:09 by "buildd" with gcc 4.6.3

time: Tue Aug  9 09:54:07 2016
elapsed time: 16 seconds (0d 0h 0m 16s)

